<?xml version="1.0" encoding="UTF-8"?>
<!-- Generated by org.testng.reporters.JUnitXMLReporter -->
<testsuite hostname="mib-84a305b9628" name="Firefox" tests="16" failures="2" timestamp="15 Sep 2015 22:47:06 GMT" time="101.266" errors="0">
  <testcase name="testCheckRegistrationLinks" time="2.312" classname="tests.Test_Registration"/>
  <testcase name="testRegPageEmptyFieldsErrorHandling" time="0.985" classname="tests.Test_Registration"/>
  <testcase name="testRegistration" time="4.5" classname="tests.Test_Registration">
    <failure type="org.openqa.selenium.NoSuchElementException" message="Unable to locate element: {&amp;quot;method&amp;quot;:&amp;quot;css selector&amp;quot;,&amp;quot;selector&amp;quot;:&amp;quot;.signup-done__view&amp;gt;button&amp;quot;}
Command duration or timeout: 3.05 seconds
For documentation on this error, please visit: http://seleniumhq.org/exceptions/no_such_element.html
Build info: version: &amp;apos;2.47.1&amp;apos;, revision: &amp;apos;unknown&amp;apos;, time: &amp;apos;2015-07-30 11:02:44&amp;apos;
System info: host: &amp;apos;mib-84a305b9628&amp;apos;, ip: &amp;apos;192.168.1.10&amp;apos;, os.name: &amp;apos;Windows XP&amp;apos;, os.arch: &amp;apos;x86&amp;apos;, os.version: &amp;apos;5.1&amp;apos;, java.version: &amp;apos;1.7.0_80&amp;apos;
*** Element info: {Using=css selector, value=.signup-done__view&amp;gt;button}
Session ID: a76c4ccb-f049-44da-817e-532e83ed4405
Driver info: org.openqa.selenium.firefox.FirefoxDriver
Capabilities [{platform=WINDOWS, acceptSslCerts=true, javascriptEnabled=true, cssSelectorsEnabled=true, databaseEnabled=true, browserName=firefox, handlesAlerts=true, nativeEvents=false, webStorageEnabled=true, rotatable=false, locationContextEnabled=true, applicationCacheEnabled=true, takesScreenshot=true, version=40.0.3}]">
      <![CDATA[org.openqa.selenium.NoSuchElementException: Unable to locate element: {"method":"css selector","selector":".signup-done__view>button"}
Command duration or timeout: 3.05 seconds
For documentation on this error, please visit: http://seleniumhq.org/exceptions/no_such_element.html
Build info: version: '2.47.1', revision: 'unknown', time: '2015-07-30 11:02:44'
System info: host: 'mib-84a305b9628', ip: '192.168.1.10', os.name: 'Windows XP', os.arch: 'x86', os.version: '5.1', java.version: '1.7.0_80'
*** Element info: {Using=css selector, value=.signup-done__view>button}
Session ID: a76c4ccb-f049-44da-817e-532e83ed4405
Driver info: org.openqa.selenium.firefox.FirefoxDriver
Capabilities [{platform=WINDOWS, acceptSslCerts=true, javascriptEnabled=true, cssSelectorsEnabled=true, databaseEnabled=true, browserName=firefox, handlesAlerts=true, nativeEvents=false, webStorageEnabled=true, rotatable=false, locationContextEnabled=true, applicationCacheEnabled=true, takesScreenshot=true, version=40.0.3}]
	at org.openqa.selenium.remote.ErrorHandler.createThrowable(ErrorHandler.java:206)
	at org.openqa.selenium.remote.ErrorHandler.throwIfResponseFailed(ErrorHandler.java:158)
	at org.openqa.selenium.remote.RemoteWebDriver.execute(RemoteWebDriver.java:595)
	at org.openqa.selenium.remote.RemoteWebDriver.findElement(RemoteWebDriver.java:348)
	at org.openqa.selenium.remote.RemoteWebDriver.findElementByCssSelector(RemoteWebDriver.java:437)
	at org.openqa.selenium.By$ByCssSelector.findElement(By.java:426)
	at org.openqa.selenium.remote.RemoteWebDriver.findElement(RemoteWebDriver.java:340)
	at org.openqa.selenium.support.pagefactory.DefaultElementLocator.findElement(DefaultElementLocator.java:69)
	at org.openqa.selenium.support.pagefactory.internal.LocatingElementHandler.invoke(LocatingElementHandler.java:38)
	at com.sun.proxy.$Proxy9.isDisplayed(Unknown Source)
	at tests.Test_Registration.testRegistration(Test_Registration.java:65)
Caused by: org.openqa.selenium.NoSuchElementException: Unable to locate element: {"method":"css selector","selector":".signup-done__view>button"}
For documentation on this error, please visit: http://seleniumhq.org/exceptions/no_such_element.html
Build info: version: '2.47.1', revision: 'unknown', time: '2015-07-30 11:02:44'
System info: host: 'mib-84a305b9628', ip: '192.168.1.10', os.name: 'Windows XP', os.arch: 'x86', os.version: '5.1', java.version: '1.7.0_80'
Driver info: driver.version: unknown
	at <anonymous class>.FirefoxDriver.prototype.findElementInternal_(file:///J:/Temp/anonymous7141226977594678080webdriver-profile/extensions/fxdriver@googlecode.com/components/driver-component.js:10667)
	at <anonymous class>.fxdriver.Timer.prototype.setTimeout/<.notify(file:///J:/Temp/anonymous7141226977594678080webdriver-profile/extensions/fxdriver@googlecode.com/components/driver-component.js:623)
... Removed 37 stack frames]]>
    </failure>
  </testcase> <!-- testRegistration -->
  <testcase name="test_Login" time="0.0" classname="tests.Test_Login">
    <skipped/>
  </testcase> <!-- test_Login -->
  <testcase name="test_CreateMessage" time="7.718" classname="tests.Test_Functional_Main"/>
  <testcase name="test_SendMessage" time="17.313" classname="tests.Test_Functional_Main"/>
  <testcase name="test_Send_With_Attachment" time="14.875" classname="tests.Test_Functional_Main"/>
  <testcase name="test_OpenInboxMessage" time="4.75" classname="tests.Test_Functional_Main"/>
  <testcase name="test_ReplyToMessage" time="11.422" classname="tests.Test_Functional_Main">
    <failure type="org.openqa.selenium.NoSuchElementException" message="Unable to locate element: {&amp;quot;method&amp;quot;:&amp;quot;css selector&amp;quot;,&amp;quot;selector&amp;quot;:&amp;quot;.readmsg__body&amp;quot;}
Command duration or timeout: 3.02 seconds
For documentation on this error, please visit: http://seleniumhq.org/exceptions/no_such_element.html
Build info: version: &amp;apos;2.47.1&amp;apos;, revision: &amp;apos;unknown&amp;apos;, time: &amp;apos;2015-07-30 11:02:44&amp;apos;
System info: host: &amp;apos;mib-84a305b9628&amp;apos;, ip: &amp;apos;192.168.1.10&amp;apos;, os.name: &amp;apos;Windows XP&amp;apos;, os.arch: &amp;apos;x86&amp;apos;, os.version: &amp;apos;5.1&amp;apos;, java.version: &amp;apos;1.7.0_80&amp;apos;
*** Element info: {Using=css selector, value=.readmsg__body}
Session ID: a76c4ccb-f049-44da-817e-532e83ed4405
Driver info: org.openqa.selenium.firefox.FirefoxDriver
Capabilities [{platform=WINDOWS, acceptSslCerts=true, javascriptEnabled=true, cssSelectorsEnabled=true, databaseEnabled=true, browserName=firefox, handlesAlerts=true, nativeEvents=false, webStorageEnabled=true, rotatable=false, locationContextEnabled=true, applicationCacheEnabled=true, takesScreenshot=true, version=40.0.3}]">
      <![CDATA[org.openqa.selenium.NoSuchElementException: Unable to locate element: {"method":"css selector","selector":".readmsg__body"}
Command duration or timeout: 3.02 seconds
For documentation on this error, please visit: http://seleniumhq.org/exceptions/no_such_element.html
Build info: version: '2.47.1', revision: 'unknown', time: '2015-07-30 11:02:44'
System info: host: 'mib-84a305b9628', ip: '192.168.1.10', os.name: 'Windows XP', os.arch: 'x86', os.version: '5.1', java.version: '1.7.0_80'
*** Element info: {Using=css selector, value=.readmsg__body}
Session ID: a76c4ccb-f049-44da-817e-532e83ed4405
Driver info: org.openqa.selenium.firefox.FirefoxDriver
Capabilities [{platform=WINDOWS, acceptSslCerts=true, javascriptEnabled=true, cssSelectorsEnabled=true, databaseEnabled=true, browserName=firefox, handlesAlerts=true, nativeEvents=false, webStorageEnabled=true, rotatable=false, locationContextEnabled=true, applicationCacheEnabled=true, takesScreenshot=true, version=40.0.3}]
	at org.openqa.selenium.remote.ErrorHandler.createThrowable(ErrorHandler.java:206)
	at org.openqa.selenium.remote.ErrorHandler.throwIfResponseFailed(ErrorHandler.java:158)
	at org.openqa.selenium.remote.RemoteWebDriver.execute(RemoteWebDriver.java:595)
	at org.openqa.selenium.remote.RemoteWebDriver.findElement(RemoteWebDriver.java:348)
	at org.openqa.selenium.remote.RemoteWebDriver.findElementByCssSelector(RemoteWebDriver.java:437)
	at org.openqa.selenium.By$ByCssSelector.findElement(By.java:426)
	at org.openqa.selenium.remote.RemoteWebDriver.findElement(RemoteWebDriver.java:340)
	at org.openqa.selenium.support.pagefactory.DefaultElementLocator.findElement(DefaultElementLocator.java:69)
	at org.openqa.selenium.support.pagefactory.internal.LocatingElementHandler.invoke(LocatingElementHandler.java:38)
	at com.sun.proxy.$Proxy9.getText(Unknown Source)
	at tests.Test_Functional_Main.test_ReplyToMessage(Test_Functional_Main.java:116)
Caused by: org.openqa.selenium.NoSuchElementException: Unable to locate element: {"method":"css selector","selector":".readmsg__body"}
For documentation on this error, please visit: http://seleniumhq.org/exceptions/no_such_element.html
Build info: version: '2.47.1', revision: 'unknown', time: '2015-07-30 11:02:44'
System info: host: 'mib-84a305b9628', ip: '192.168.1.10', os.name: 'Windows XP', os.arch: 'x86', os.version: '5.1', java.version: '1.7.0_80'
Driver info: driver.version: unknown
	at <anonymous class>.FirefoxDriver.prototype.findElementInternal_(file:///J:/Temp/anonymous7141226977594678080webdriver-profile/extensions/fxdriver@googlecode.com/components/driver-component.js:10667)
	at <anonymous class>.fxdriver.Timer.prototype.setTimeout/<.notify(file:///J:/Temp/anonymous7141226977594678080webdriver-profile/extensions/fxdriver@googlecode.com/components/driver-component.js:623)
... Removed 37 stack frames]]>
    </failure>
  </testcase> <!-- test_ReplyToMessage -->
  <testcase name="test_ForwardInboxMessage" time="7.781" classname="tests.Test_Functional_Main"/>
  <testcase name="test_Read_And_Move_ToTrash" time="4.656" classname="tests.Test_Functional_Main"/>
  <testcase name="test_Move_FromInboxList_ToTrash" time="4.313" classname="tests.Test_Functional_Main"/>
  <testcase name="test_Recover_FromTrashList_ToInbox" time="5.5" classname="tests.Test_Functional_Main"/>
  <testcase name="test_Move_FromInboxList_ToSpam" time="4.797" classname="tests.Test_Functional_Main"/>
  <testcase name="test_Recover_FromSpamList_ToInbox" time="4.718" classname="tests.Test_Functional_Main"/>
  <testcase name="test_DragAndDrop_InboxToSpam" time="5.532" classname="tests.Test_Functional_Main"/>
</testsuite> <!-- Firefox -->
