<?xml version="1.0" encoding="UTF-8"?>
<!-- Generated by org.testng.reporters.JUnitXMLReporter -->
<testsuite hostname="mib-84a305b9628" name="Test" tests="14" failures="4" timestamp="10 Sep 2015 13:43:01 GMT" time="72.578" errors="0">
  <testcase name="testRegPageEmptyFieldsErrorHandling" time="1.657" classname="tests.SmokeTest"/>
  <testcase name="testCheckRegistrationLinks" time="1.5" classname="tests.SmokeTest"/>
  <testcase name="testRegistration" time="1.5" classname="tests.SmokeTest">
    <failure type="java.lang.NullPointerException">
      <![CDATA[java.lang.NullPointerException
	at tests.SmokeTest.testRegistration(SmokeTest.java:117)
... Removed 33 stack frames]]>
    </failure>
  </testcase> <!-- testRegistration -->
  <testcase name="testLogin" time="4.235" classname="tests.SmokeTest">
    <failure type="java.lang.AssertionError" message="The following asserts failed:
Inbox folder link is missing! expected [false] but found [true]">
      <![CDATA[java.lang.AssertionError: The following asserts failed:
Inbox folder link is missing! expected [false] but found [true]
	at tests.SmokeTest.testLogin(SmokeTest.java:167)
... Removed 34 stack frames]]>
    </failure>
  </testcase> <!-- testLogin -->
  <testcase name="testLogin" time="1.093" classname="tests.SmokeTest"/>
  <testcase name="testLogin" time="1.0" classname="tests.SmokeTest">
    <failure type="java.lang.AssertionError" message="The following asserts failed:
Something wrong with Error messsage! expected [Неверно указан логин или пароль. Подробнее ] but found [Неверно указан логин или пароль. Подробнее]">
      <![CDATA[java.lang.AssertionError: The following asserts failed:
Something wrong with Error messsage! expected [Неверно указан логин или пароль. Подробнее ] but found [Неверно указан логин или пароль. Подробнее]
	at tests.SmokeTest.testLogin(SmokeTest.java:167)
... Removed 34 stack frames]]>
    </failure>
  </testcase> <!-- testLogin -->
  <testcase name="testCreateMessage" time="5.735" classname="tests.SmokeTest"/>
  <testcase name="testSendMessage" time="13.968" classname="tests.SmokeTest"/>
  <testcase name="testOpenInboxMessage" time="5.61" classname="tests.SmokeTest"/>
  <testcase name="testReplyToMessage" time="10.594" classname="tests.SmokeTest"/>
  <testcase name="testForwardInboxMessage" time="7.875" classname="tests.SmokeTest"/>
  <testcase name="testMoveToTrashFromInboxList" time="4.703" classname="tests.SmokeTest">
    <failure type="java.lang.AssertionError" message="The following asserts failed:
testMoveToTrashFromInboxList failed expected [false] but found [true]">
      <![CDATA[java.lang.AssertionError: The following asserts failed:
testMoveToTrashFromInboxList failed expected [false] but found [true]
	at tests.SmokeTest.testMoveToTrashFromInboxList(SmokeTest.java:255)
... Removed 34 stack frames]]>
    </failure>
  </testcase> <!-- testMoveToTrashFromInboxList -->
  <testcase name="testReadAndMoveToTrash" time="4.89" classname="tests.SmokeTest"/>
  <testcase name="testRecoverFromTrashToInbox" time="4.032" classname="tests.SmokeTest"/>
</testsuite> <!-- Test -->
