<!DOCTYPE html PUBLIC "-//W3C//DTD XHTML 1.1//EN" "http://www.w3.org/TR/xhtml11/DTD/xhtml11.dtd">
<html xmlns="http://www.w3.org/1999/xhtml"><head><title>TestNG Report</title><style type="text/css">table {margin-bottom:10px;border-collapse:collapse;empty-cells:show}th,td {border:1px solid #009;padding:.25em .5em}th {vertical-align:bottom}td {vertical-align:top}table a {font-weight:bold}.stripe td {background-color: #E6EBF9}.num {text-align:right}.passedodd td {background-color: #3F3}.passedeven td {background-color: #0A0}.skippedodd td {background-color: #DDD}.skippedeven td {background-color: #CCC}.failedodd td,.attn {background-color: #F33}.failedeven td,.stripe .attn {background-color: #D00}.stacktrace {white-space:pre;font-family:monospace}.totop {font-size:85%;text-align:center;border-bottom:2px solid #000}</style></head><body><table><tr><th>Test</th><th># Passed</th><th># Skipped</th><th># Failed</th><th>Time (ms)</th><th>Included Groups</th><th>Excluded Groups</th></tr><tr><th colspan="7">SmokeTest</th></tr><tr><td><a href="#t0">Firefox</a></td><td class="num">13</td><td class="num attn">1</td><td class="num attn">2</td><td class="num">101 266</td><td></td><td></td></tr><tr><th colspan="7">Failed suite [Default suite]</th></tr><tr class="stripe"><td><a href="#t1">Default test(failed)</a></td><td class="num">0</td><td class="num">0</td><td class="num attn">1</td><td class="num">15</td><td></td><td></td></tr><tr><th>Total</th><th class="num">13</th><th class="num attn">1</th><th class="num attn">3</th><th class="num">101 281</th><th colspan="2"></th></tr></table><table><thead><tr><th>Class</th><th>Method</th><th>Start</th><th>Time (ms)</th></tr></thead><tbody><tr><th colspan="4">SmokeTest</th></tr></tbody><tbody id="t0"><tr><th colspan="4">Firefox &#8212; failed</th></tr><tr class="failedeven"><td rowspan="1">tests.Test_Functional_Main</td><td><a href="#m0">test_ReplyToMessage</a></td><td rowspan="1">1442357177484</td><td rowspan="1">11422</td></tr><tr class="failedodd"><td rowspan="1">tests.Test_Registration</td><td><a href="#m1">testRegistration</a></td><td rowspan="1">1442357128281</td><td rowspan="1">4500</td></tr><tr><th colspan="4">Firefox &#8212; skipped</th></tr><tr class="skippedeven"><td rowspan="1">tests.Test_Login</td><td><a href="#m2">test_Login</a></td><td rowspan="1">1442357132796</td><td rowspan="1">0</td></tr><tr><th colspan="4">Firefox &#8212; passed</th></tr><tr class="passedeven"><td rowspan="11">tests.Test_Functional_Main</td><td><a href="#m3">test_CreateMessage</a></td><td rowspan="1">1442357132828</td><td rowspan="1">7718</td></tr><tr class="passedeven"><td><a href="#m4">test_DragAndDrop_InboxToSpam</a></td><td rowspan="1">1442357220671</td><td rowspan="1">5532</td></tr><tr class="passedeven"><td><a href="#m5">test_ForwardInboxMessage</a></td><td rowspan="1">1442357188906</td><td rowspan="1">7781</td></tr><tr class="passedeven"><td><a href="#m6">test_Move_FromInboxList_ToSpam</a></td><td rowspan="1">1442357211156</td><td rowspan="1">4797</td></tr><tr class="passedeven"><td><a href="#m7">test_Move_FromInboxList_ToTrash</a></td><td rowspan="1">1442357201343</td><td rowspan="1">4313</td></tr><tr class="passedeven"><td><a href="#m8">test_OpenInboxMessage</a></td><td rowspan="1">1442357172734</td><td rowspan="1">4750</td></tr><tr class="passedeven"><td><a href="#m9">test_Read_And_Move_ToTrash</a></td><td rowspan="1">1442357196687</td><td rowspan="1">4656</td></tr><tr class="passedeven"><td><a href="#m10">test_Recover_FromSpamList_ToInbox</a></td><td rowspan="1">1442357215953</td><td rowspan="1">4718</td></tr><tr class="passedeven"><td><a href="#m11">test_Recover_FromTrashList_ToInbox</a></td><td rowspan="1">1442357205656</td><td rowspan="1">5500</td></tr><tr class="passedeven"><td><a href="#m12">test_SendMessage</a></td><td rowspan="1">1442357140546</td><td rowspan="1">17313</td></tr><tr class="passedeven"><td><a href="#m13">test_Send_With_Attachment</a></td><td rowspan="1">1442357157859</td><td rowspan="1">14875</td></tr><tr class="passedodd"><td rowspan="2">tests.Test_Registration</td><td><a href="#m14">testCheckRegistrationLinks</a></td><td rowspan="1">1442357124984</td><td rowspan="1">2312</td></tr><tr class="passedodd"><td><a href="#m15">testRegPageEmptyFieldsErrorHandling</a></td><td rowspan="1">1442357127296</td><td rowspan="1">985</td></tr></tbody><tbody><tr><th colspan="4">Failed suite [Default suite]</th></tr></tbody><tbody id="t1"><tr><th colspan="4">Default test(failed) &#8212; failed</th></tr><tr class="failedeven"><td rowspan="1">tests.Test_Registration</td><td><a href="#m16">testRegistration</a></td><td rowspan="1">1442357226781</td><td rowspan="1">0</td></tr></tbody></table><h2>Firefox</h2><h3 id="m0">tests.Test_Functional_Main#test_ReplyToMessage</h3><table class="result"><tr><th>Exception</th></tr><tr><td><div class="stacktrace">org.openqa.selenium.NoSuchElementException: Unable to locate element: {&quot;method&quot;:&quot;css selector&quot;,&quot;selector&quot;:&quot;.readmsg__body&quot;}
Command duration or timeout: 3.02 seconds
For documentation on this error, please visit: http://seleniumhq.org/exceptions/no_such_element.html
Build info: version: &apos;2.47.1&apos;, revision: &apos;unknown&apos;, time: &apos;2015-07-30 11:02:44&apos;
System info: host: &apos;mib-84a305b9628&apos;, ip: &apos;192.168.1.10&apos;, os.name: &apos;Windows XP&apos;, os.arch: &apos;x86&apos;, os.version: &apos;5.1&apos;, java.version: &apos;1.7.0_80&apos;
*** Element info: {Using=css selector, value=.readmsg__body}
Session ID: a76c4ccb-f049-44da-817e-532e83ed4405
Driver info: org.openqa.selenium.firefox.FirefoxDriver
Capabilities [{platform=WINDOWS, acceptSslCerts=true, javascriptEnabled=true, cssSelectorsEnabled=true, databaseEnabled=true, browserName=firefox, handlesAlerts=true, nativeEvents=false, webStorageEnabled=true, rotatable=false, locationContextEnabled=true, applicationCacheEnabled=true, takesScreenshot=true, version=40.0.3}]
	at org.openqa.selenium.remote.ErrorHandler.createThrowable(ErrorHandler.java:206)
	at org.openqa.selenium.remote.ErrorHandler.throwIfResponseFailed(ErrorHandler.java:158)
	at org.openqa.selenium.remote.RemoteWebDriver.execute(RemoteWebDriver.java:595)
	at org.openqa.selenium.remote.RemoteWebDriver.findElement(RemoteWebDriver.java:348)
	at org.openqa.selenium.remote.RemoteWebDriver.findElementByCssSelector(RemoteWebDriver.java:437)
	at org.openqa.selenium.By$ByCssSelector.findElement(By.java:426)
	at org.openqa.selenium.remote.RemoteWebDriver.findElement(RemoteWebDriver.java:340)
	at org.openqa.selenium.support.pagefactory.DefaultElementLocator.findElement(DefaultElementLocator.java:69)
	at org.openqa.selenium.support.pagefactory.internal.LocatingElementHandler.invoke(LocatingElementHandler.java:38)
	at com.sun.proxy.$Proxy9.getText(Unknown Source)
	at tests.Test_Functional_Main.test_ReplyToMessage(Test_Functional_Main.java:116)
Caused by: org.openqa.selenium.NoSuchElementException: Unable to locate element: {&quot;method&quot;:&quot;css selector&quot;,&quot;selector&quot;:&quot;.readmsg__body&quot;}
For documentation on this error, please visit: http://seleniumhq.org/exceptions/no_such_element.html
Build info: version: &apos;2.47.1&apos;, revision: &apos;unknown&apos;, time: &apos;2015-07-30 11:02:44&apos;
System info: host: &apos;mib-84a305b9628&apos;, ip: &apos;192.168.1.10&apos;, os.name: &apos;Windows XP&apos;, os.arch: &apos;x86&apos;, os.version: &apos;5.1&apos;, java.version: &apos;1.7.0_80&apos;
Driver info: driver.version: unknown
	at &lt;anonymous class&gt;.FirefoxDriver.prototype.findElementInternal_(file:///J:/Temp/anonymous7141226977594678080webdriver-profile/extensions/fxdriver@googlecode.com/components/driver-component.js:10667)
	at &lt;anonymous class&gt;.fxdriver.Timer.prototype.setTimeout/&lt;.notify(file:///J:/Temp/anonymous7141226977594678080webdriver-profile/extensions/fxdriver@googlecode.com/components/driver-component.js:623)
... Removed 37 stack frames</div></td></tr></table><p class="totop"><a href="#summary">back to summary</a></p><h3 id="m1">tests.Test_Registration#testRegistration</h3><table class="result"><tr><th>Exception</th></tr><tr><td><div class="stacktrace">org.openqa.selenium.NoSuchElementException: Unable to locate element: {&quot;method&quot;:&quot;css selector&quot;,&quot;selector&quot;:&quot;.signup-done__view&gt;button&quot;}
Command duration or timeout: 3.05 seconds
For documentation on this error, please visit: http://seleniumhq.org/exceptions/no_such_element.html
Build info: version: &apos;2.47.1&apos;, revision: &apos;unknown&apos;, time: &apos;2015-07-30 11:02:44&apos;
System info: host: &apos;mib-84a305b9628&apos;, ip: &apos;192.168.1.10&apos;, os.name: &apos;Windows XP&apos;, os.arch: &apos;x86&apos;, os.version: &apos;5.1&apos;, java.version: &apos;1.7.0_80&apos;
*** Element info: {Using=css selector, value=.signup-done__view&gt;button}
Session ID: a76c4ccb-f049-44da-817e-532e83ed4405
Driver info: org.openqa.selenium.firefox.FirefoxDriver
Capabilities [{platform=WINDOWS, acceptSslCerts=true, javascriptEnabled=true, cssSelectorsEnabled=true, databaseEnabled=true, browserName=firefox, handlesAlerts=true, nativeEvents=false, webStorageEnabled=true, rotatable=false, locationContextEnabled=true, applicationCacheEnabled=true, takesScreenshot=true, version=40.0.3}]
	at org.openqa.selenium.remote.ErrorHandler.createThrowable(ErrorHandler.java:206)
	at org.openqa.selenium.remote.ErrorHandler.throwIfResponseFailed(ErrorHandler.java:158)
	at org.openqa.selenium.remote.RemoteWebDriver.execute(RemoteWebDriver.java:595)
	at org.openqa.selenium.remote.RemoteWebDriver.findElement(RemoteWebDriver.java:348)
	at org.openqa.selenium.remote.RemoteWebDriver.findElementByCssSelector(RemoteWebDriver.java:437)
	at org.openqa.selenium.By$ByCssSelector.findElement(By.java:426)
	at org.openqa.selenium.remote.RemoteWebDriver.findElement(RemoteWebDriver.java:340)
	at org.openqa.selenium.support.pagefactory.DefaultElementLocator.findElement(DefaultElementLocator.java:69)
	at org.openqa.selenium.support.pagefactory.internal.LocatingElementHandler.invoke(LocatingElementHandler.java:38)
	at com.sun.proxy.$Proxy9.isDisplayed(Unknown Source)
	at tests.Test_Registration.testRegistration(Test_Registration.java:65)
Caused by: org.openqa.selenium.NoSuchElementException: Unable to locate element: {&quot;method&quot;:&quot;css selector&quot;,&quot;selector&quot;:&quot;.signup-done__view&gt;button&quot;}
For documentation on this error, please visit: http://seleniumhq.org/exceptions/no_such_element.html
Build info: version: &apos;2.47.1&apos;, revision: &apos;unknown&apos;, time: &apos;2015-07-30 11:02:44&apos;
System info: host: &apos;mib-84a305b9628&apos;, ip: &apos;192.168.1.10&apos;, os.name: &apos;Windows XP&apos;, os.arch: &apos;x86&apos;, os.version: &apos;5.1&apos;, java.version: &apos;1.7.0_80&apos;
Driver info: driver.version: unknown
	at &lt;anonymous class&gt;.FirefoxDriver.prototype.findElementInternal_(file:///J:/Temp/anonymous7141226977594678080webdriver-profile/extensions/fxdriver@googlecode.com/components/driver-component.js:10667)
	at &lt;anonymous class&gt;.fxdriver.Timer.prototype.setTimeout/&lt;.notify(file:///J:/Temp/anonymous7141226977594678080webdriver-profile/extensions/fxdriver@googlecode.com/components/driver-component.js:623)
... Removed 37 stack frames</div></td></tr></table><p class="totop"><a href="#summary">back to summary</a></p><h3 id="m2">tests.Test_Login#test_Login</h3><table class="result"><tr><th>Exception</th></tr><tr><td><div class="stacktrace">java.lang.NoClassDefFoundError: org/apache/poi/ss/usermodel/Workbook
	at java.lang.Class.getDeclaredMethods0(Native Method)
	at java.lang.Class.privateGetDeclaredMethods(Unknown Source)
	at java.lang.Class.getDeclaredMethods(Unknown Source)
Caused by: java.lang.ClassNotFoundException: org.apache.poi.ss.usermodel.Workbook
	at java.net.URLClassLoader$1.run(Unknown Source)
	at java.net.URLClassLoader$1.run(Unknown Source)
	at java.security.AccessController.doPrivileged(Native Method)
	at java.net.URLClassLoader.findClass(Unknown Source)
	at java.lang.ClassLoader.loadClass(Unknown Source)
	at sun.misc.Launcher$AppClassLoader.loadClass(Unknown Source)
	at java.lang.ClassLoader.loadClass(Unknown Source)
	... 35 more
... Removed 32 stack frames</div></td></tr></table><p class="totop"><a href="#summary">back to summary</a></p><h3 id="m3">tests.Test_Functional_Main#test_CreateMessage</h3><table class="result"></table><p class="totop"><a href="#summary">back to summary</a></p><h3 id="m4">tests.Test_Functional_Main#test_DragAndDrop_InboxToSpam</h3><table class="result"></table><p class="totop"><a href="#summary">back to summary</a></p><h3 id="m5">tests.Test_Functional_Main#test_ForwardInboxMessage</h3><table class="result"></table><p class="totop"><a href="#summary">back to summary</a></p><h3 id="m6">tests.Test_Functional_Main#test_Move_FromInboxList_ToSpam</h3><table class="result"></table><p class="totop"><a href="#summary">back to summary</a></p><h3 id="m7">tests.Test_Functional_Main#test_Move_FromInboxList_ToTrash</h3><table class="result"></table><p class="totop"><a href="#summary">back to summary</a></p><h3 id="m8">tests.Test_Functional_Main#test_OpenInboxMessage</h3><table class="result"></table><p class="totop"><a href="#summary">back to summary</a></p><h3 id="m9">tests.Test_Functional_Main#test_Read_And_Move_ToTrash</h3><table class="result"></table><p class="totop"><a href="#summary">back to summary</a></p><h3 id="m10">tests.Test_Functional_Main#test_Recover_FromSpamList_ToInbox</h3><table class="result"></table><p class="totop"><a href="#summary">back to summary</a></p><h3 id="m11">tests.Test_Functional_Main#test_Recover_FromTrashList_ToInbox</h3><table class="result"></table><p class="totop"><a href="#summary">back to summary</a></p><h3 id="m12">tests.Test_Functional_Main#test_SendMessage</h3><table class="result"></table><p class="totop"><a href="#summary">back to summary</a></p><h3 id="m13">tests.Test_Functional_Main#test_Send_With_Attachment</h3><table class="result"></table><p class="totop"><a href="#summary">back to summary</a></p><h3 id="m14">tests.Test_Registration#testCheckRegistrationLinks</h3><table class="result"></table><p class="totop"><a href="#summary">back to summary</a></p><h3 id="m15">tests.Test_Registration#testRegPageEmptyFieldsErrorHandling</h3><table class="result"></table><p class="totop"><a href="#summary">back to summary</a></p><h2>Default test(failed)</h2><h3 id="m16">tests.Test_Registration#testRegistration</h3><table class="result"><tr><th>Exception</th></tr><tr><td><div class="stacktrace">org.openqa.selenium.remote.SessionNotFoundException: The FirefoxDriver cannot be used after quit() was called.
Build info: version: &apos;2.47.1&apos;, revision: &apos;unknown&apos;, time: &apos;2015-07-30 11:02:44&apos;
System info: host: &apos;mib-84a305b9628&apos;, ip: &apos;192.168.1.10&apos;, os.name: &apos;Windows XP&apos;, os.arch: &apos;x86&apos;, os.version: &apos;5.1&apos;, java.version: &apos;1.7.0_80&apos;
Driver info: driver.version: RemoteWebDriver
	at org.openqa.selenium.firefox.FirefoxDriver$LazyCommandExecutor.execute(FirefoxDriver.java:390)
	at org.openqa.selenium.remote.RemoteWebDriver.execute(RemoteWebDriver.java:568)
	at org.openqa.selenium.remote.RemoteWebDriver.get(RemoteWebDriver.java:306)
	at helpers.BaseClass.openPage(BaseClass.java:35)
	at pages.Registration.load(Registration.java:48)
	at tests.Test_Registration.testRegistration(Test_Registration.java:51)
... Removed 33 stack frames</div></td></tr></table><p class="totop"><a href="#summary">back to summary</a></p></body></html>