<?xml version="1.0" encoding="UTF-8"?>
<testng-results skipped="1" failed="3" total="17" passed="13">
  <reporter-output>
  </reporter-output>
  <suite name="SmokeTest" duration-ms="101266" started-at="2015-09-15T22:45:24Z" finished-at="2015-09-15T22:47:06Z">
    <groups>
    </groups>
    <test name="Firefox" duration-ms="101266" started-at="2015-09-15T22:45:24Z" finished-at="2015-09-15T22:47:06Z">
      <class name="tests.Test_Functional_Main">
        <test-method status="PASS" signature="setup()[pri:0, instance:tests.Test_Functional_Main@1108691]" name="setup" is-config="true" duration-ms="32" started-at="2015-09-16T01:45:32Z" finished-at="2015-09-16T01:45:32Z">
          <reporter-output>
          </reporter-output>
        </test-method> <!-- setup -->
        <test-method status="PASS" signature="newSoftAssertObject()[pri:0, instance:tests.Test_Functional_Main@1108691]" name="newSoftAssertObject" is-config="true" duration-ms="0" started-at="2015-09-16T01:45:32Z" finished-at="2015-09-16T01:45:32Z">
          <reporter-output>
          </reporter-output>
        </test-method> <!-- newSoftAssertObject -->
        <test-method status="PASS" signature="test_CreateMessage()[pri:0, instance:tests.Test_Functional_Main@1108691]" name="test_CreateMessage" duration-ms="7718" started-at="2015-09-16T01:45:32Z" description="As a User I can create a message(it&#039;s stored in Drafts automatically)" finished-at="2015-09-16T01:45:40Z">
          <reporter-output>
          </reporter-output>
        </test-method> <!-- test_CreateMessage -->
        <test-method status="PASS" signature="test_SendMessage()[pri:0, instance:tests.Test_Functional_Main@1108691]" name="test_SendMessage" duration-ms="17313" started-at="2015-09-16T01:45:40Z" description="As a User I can send a message (it&#039;s stored in Sent automatically)" finished-at="2015-09-16T01:45:57Z">
          <reporter-output>
          </reporter-output>
        </test-method> <!-- test_SendMessage -->
        <test-method status="PASS" signature="newSoftAssertObject()[pri:0, instance:tests.Test_Functional_Main@1108691]" name="newSoftAssertObject" is-config="true" duration-ms="0" started-at="2015-09-16T01:45:40Z" finished-at="2015-09-16T01:45:40Z">
          <reporter-output>
          </reporter-output>
        </test-method> <!-- newSoftAssertObject -->
        <test-method status="PASS" signature="newSoftAssertObject()[pri:0, instance:tests.Test_Functional_Main@1108691]" name="newSoftAssertObject" is-config="true" duration-ms="0" started-at="2015-09-16T01:45:57Z" finished-at="2015-09-16T01:45:57Z">
          <reporter-output>
          </reporter-output>
        </test-method> <!-- newSoftAssertObject -->
        <test-method status="PASS" signature="test_Send_With_Attachment()[pri:0, instance:tests.Test_Functional_Main@1108691]" name="test_Send_With_Attachment" duration-ms="14875" started-at="2015-09-16T01:45:57Z" finished-at="2015-09-16T01:46:12Z">
          <reporter-output>
          </reporter-output>
        </test-method> <!-- test_Send_With_Attachment -->
        <test-method status="PASS" signature="test_OpenInboxMessage()[pri:0, instance:tests.Test_Functional_Main@1108691]" name="test_OpenInboxMessage" duration-ms="4750" started-at="2015-09-16T01:46:12Z" description="As a User I can open inbox message from list" finished-at="2015-09-16T01:46:17Z">
          <reporter-output>
          </reporter-output>
        </test-method> <!-- test_OpenInboxMessage -->
        <test-method status="PASS" signature="newSoftAssertObject()[pri:0, instance:tests.Test_Functional_Main@1108691]" name="newSoftAssertObject" is-config="true" duration-ms="0" started-at="2015-09-16T01:46:12Z" finished-at="2015-09-16T01:46:12Z">
          <reporter-output>
          </reporter-output>
        </test-method> <!-- newSoftAssertObject -->
        <test-method status="FAIL" signature="test_ReplyToMessage()[pri:0, instance:tests.Test_Functional_Main@1108691]" name="test_ReplyToMessage" duration-ms="11422" started-at="2015-09-16T01:46:17Z" description="As a User I can reply to inbox message" finished-at="2015-09-16T01:46:28Z">
          <exception class="org.openqa.selenium.NoSuchElementException">
            <message>
              <![CDATA[Unable to locate element: {"method":"css selector","selector":".readmsg__body"}
Command duration or timeout: 3.02 seconds
For documentation on this error, please visit: http://seleniumhq.org/exceptions/no_such_element.html
Build info: version: '2.47.1', revision: 'unknown', time: '2015-07-30 11:02:44'
System info: host: 'mib-84a305b9628', ip: '192.168.1.10', os.name: 'Windows XP', os.arch: 'x86', os.version: '5.1', java.version: '1.7.0_80'
*** Element info: {Using=css selector, value=.readmsg__body}
Session ID: a76c4ccb-f049-44da-817e-532e83ed4405
Driver info: org.openqa.selenium.firefox.FirefoxDriver
Capabilities [{platform=WINDOWS, acceptSslCerts=true, javascriptEnabled=true, cssSelectorsEnabled=true, databaseEnabled=true, browserName=firefox, handlesAlerts=true, nativeEvents=false, webStorageEnabled=true, rotatable=false, locationContextEnabled=true, applicationCacheEnabled=true, takesScreenshot=true, version=40.0.3}]]]>
            </message>
            <full-stacktrace>
              <![CDATA[org.openqa.selenium.NoSuchElementException: Unable to locate element: {"method":"css selector","selector":".readmsg__body"}
Command duration or timeout: 3.02 seconds
For documentation on this error, please visit: http://seleniumhq.org/exceptions/no_such_element.html
Build info: version: '2.47.1', revision: 'unknown', time: '2015-07-30 11:02:44'
System info: host: 'mib-84a305b9628', ip: '192.168.1.10', os.name: 'Windows XP', os.arch: 'x86', os.version: '5.1', java.version: '1.7.0_80'
*** Element info: {Using=css selector, value=.readmsg__body}
Session ID: a76c4ccb-f049-44da-817e-532e83ed4405
Driver info: org.openqa.selenium.firefox.FirefoxDriver
Capabilities [{platform=WINDOWS, acceptSslCerts=true, javascriptEnabled=true, cssSelectorsEnabled=true, databaseEnabled=true, browserName=firefox, handlesAlerts=true, nativeEvents=false, webStorageEnabled=true, rotatable=false, locationContextEnabled=true, applicationCacheEnabled=true, takesScreenshot=true, version=40.0.3}]
	at sun.reflect.NativeConstructorAccessorImpl.newInstance0(Native Method)
	at sun.reflect.NativeConstructorAccessorImpl.newInstance(Unknown Source)
	at sun.reflect.DelegatingConstructorAccessorImpl.newInstance(Unknown Source)
	at java.lang.reflect.Constructor.newInstance(Unknown Source)
	at org.openqa.selenium.remote.ErrorHandler.createThrowable(ErrorHandler.java:206)
	at org.openqa.selenium.remote.ErrorHandler.throwIfResponseFailed(ErrorHandler.java:158)
	at org.openqa.selenium.remote.RemoteWebDriver.execute(RemoteWebDriver.java:595)
	at org.openqa.selenium.remote.RemoteWebDriver.findElement(RemoteWebDriver.java:348)
	at org.openqa.selenium.remote.RemoteWebDriver.findElementByCssSelector(RemoteWebDriver.java:437)
	at org.openqa.selenium.By$ByCssSelector.findElement(By.java:426)
	at org.openqa.selenium.remote.RemoteWebDriver.findElement(RemoteWebDriver.java:340)
	at org.openqa.selenium.support.pagefactory.DefaultElementLocator.findElement(DefaultElementLocator.java:69)
	at org.openqa.selenium.support.pagefactory.internal.LocatingElementHandler.invoke(LocatingElementHandler.java:38)
	at com.sun.proxy.$Proxy9.getText(Unknown Source)
	at tests.Test_Functional_Main.test_ReplyToMessage(Test_Functional_Main.java:116)
	at sun.reflect.NativeMethodAccessorImpl.invoke0(Native Method)
	at sun.reflect.NativeMethodAccessorImpl.invoke(Unknown Source)
	at sun.reflect.DelegatingMethodAccessorImpl.invoke(Unknown Source)
	at java.lang.reflect.Method.invoke(Unknown Source)
	at org.testng.internal.MethodInvocationHelper.invokeMethod(MethodInvocationHelper.java:85)
	at org.testng.internal.Invoker.invokeMethod(Invoker.java:659)
	at org.testng.internal.Invoker.invokeTestMethod(Invoker.java:845)
	at org.testng.internal.Invoker.invokeTestMethods(Invoker.java:1153)
	at org.testng.internal.TestMethodWorker.invokeTestMethods(TestMethodWorker.java:125)
	at org.testng.internal.TestMethodWorker.run(TestMethodWorker.java:108)
	at org.testng.TestRunner.privateRun(TestRunner.java:771)
	at org.testng.TestRunner.run(TestRunner.java:621)
	at org.testng.SuiteRunner.runTest(SuiteRunner.java:357)
	at org.testng.SuiteRunner.runSequentially(SuiteRunner.java:352)
	at org.testng.SuiteRunner.privateRun(SuiteRunner.java:310)
	at org.testng.SuiteRunner.run(SuiteRunner.java:259)
	at org.testng.SuiteRunnerWorker.runSuite(SuiteRunnerWorker.java:52)
	at org.testng.SuiteRunnerWorker.run(SuiteRunnerWorker.java:86)
	at org.testng.TestNG.runSuitesSequentially(TestNG.java:1199)
	at org.testng.TestNG.runSuitesLocally(TestNG.java:1124)
	at org.testng.TestNG.run(TestNG.java:1032)
	at org.apache.maven.surefire.testng.TestNGExecutor.run(TestNGExecutor.java:178)
	at org.apache.maven.surefire.testng.TestNGXmlTestSuite.execute(TestNGXmlTestSuite.java:92)
	at org.apache.maven.surefire.testng.TestNGProvider.invoke(TestNGProvider.java:96)
	at sun.reflect.NativeMethodAccessorImpl.invoke0(Native Method)
	at sun.reflect.NativeMethodAccessorImpl.invoke(Unknown Source)
	at sun.reflect.DelegatingMethodAccessorImpl.invoke(Unknown Source)
	at java.lang.reflect.Method.invoke(Unknown Source)
	at org.apache.maven.surefire.util.ReflectionUtils.invokeMethodWithArray2(ReflectionUtils.java:208)
	at org.apache.maven.surefire.booter.ProviderFactory$ProviderProxy.invoke(ProviderFactory.java:158)
	at org.apache.maven.surefire.booter.ProviderFactory.invokeProvider(ProviderFactory.java:86)
	at org.apache.maven.surefire.booter.ForkedBooter.runSuitesInProcess(ForkedBooter.java:153)
	at org.apache.maven.surefire.booter.ForkedBooter.main(ForkedBooter.java:95)
Caused by: org.openqa.selenium.NoSuchElementException: Unable to locate element: {"method":"css selector","selector":".readmsg__body"}
For documentation on this error, please visit: http://seleniumhq.org/exceptions/no_such_element.html
Build info: version: '2.47.1', revision: 'unknown', time: '2015-07-30 11:02:44'
System info: host: 'mib-84a305b9628', ip: '192.168.1.10', os.name: 'Windows XP', os.arch: 'x86', os.version: '5.1', java.version: '1.7.0_80'
Driver info: driver.version: unknown
	at <anonymous class>.FirefoxDriver.prototype.findElementInternal_(file:///J:/Temp/anonymous7141226977594678080webdriver-profile/extensions/fxdriver@googlecode.com/components/driver-component.js:10667)
	at <anonymous class>.fxdriver.Timer.prototype.setTimeout/<.notify(file:///J:/Temp/anonymous7141226977594678080webdriver-profile/extensions/fxdriver@googlecode.com/components/driver-component.js:623)
]]>
            </full-stacktrace>
          </exception> <!-- org.openqa.selenium.NoSuchElementException -->
          <reporter-output>
          </reporter-output>
        </test-method> <!-- test_ReplyToMessage -->
        <test-method status="PASS" signature="newSoftAssertObject()[pri:0, instance:tests.Test_Functional_Main@1108691]" name="newSoftAssertObject" is-config="true" duration-ms="0" started-at="2015-09-16T01:46:17Z" finished-at="2015-09-16T01:46:17Z">
          <reporter-output>
          </reporter-output>
        </test-method> <!-- newSoftAssertObject -->
        <test-method status="PASS" signature="newSoftAssertObject()[pri:0, instance:tests.Test_Functional_Main@1108691]" name="newSoftAssertObject" is-config="true" duration-ms="0" started-at="2015-09-16T01:46:28Z" finished-at="2015-09-16T01:46:28Z">
          <reporter-output>
          </reporter-output>
        </test-method> <!-- newSoftAssertObject -->
        <test-method status="PASS" signature="test_ForwardInboxMessage()[pri:0, instance:tests.Test_Functional_Main@1108691]" name="test_ForwardInboxMessage" duration-ms="7781" started-at="2015-09-16T01:46:28Z" description="As a User I can forward inbox message" finished-at="2015-09-16T01:46:36Z">
          <reporter-output>
          </reporter-output>
        </test-method> <!-- test_ForwardInboxMessage -->
        <test-method status="PASS" signature="newSoftAssertObject()[pri:0, instance:tests.Test_Functional_Main@1108691]" name="newSoftAssertObject" is-config="true" duration-ms="0" started-at="2015-09-16T01:46:36Z" finished-at="2015-09-16T01:46:36Z">
          <reporter-output>
          </reporter-output>
        </test-method> <!-- newSoftAssertObject -->
        <test-method status="PASS" signature="test_Read_And_Move_ToTrash()[pri:0, instance:tests.Test_Functional_Main@1108691]" name="test_Read_And_Move_ToTrash" duration-ms="4656" started-at="2015-09-16T01:46:36Z" description="As a User I can move opened Inbox message to Trash immediately)" finished-at="2015-09-16T01:46:41Z">
          <reporter-output>
          </reporter-output>
        </test-method> <!-- test_Read_And_Move_ToTrash -->
        <test-method status="PASS" signature="test_Move_FromInboxList_ToTrash()[pri:0, instance:tests.Test_Functional_Main@1108691]" name="test_Move_FromInboxList_ToTrash" duration-ms="4313" started-at="2015-09-16T01:46:41Z" description="As a User I can move a message to Trash from Inbox-list " finished-at="2015-09-16T01:46:45Z">
          <reporter-output>
          </reporter-output>
        </test-method> <!-- test_Move_FromInboxList_ToTrash -->
        <test-method status="PASS" signature="newSoftAssertObject()[pri:0, instance:tests.Test_Functional_Main@1108691]" name="newSoftAssertObject" is-config="true" duration-ms="0" started-at="2015-09-16T01:46:41Z" finished-at="2015-09-16T01:46:41Z">
          <reporter-output>
          </reporter-output>
        </test-method> <!-- newSoftAssertObject -->
        <test-method status="PASS" signature="test_Recover_FromTrashList_ToInbox()[pri:0, instance:tests.Test_Functional_Main@1108691]" name="test_Recover_FromTrashList_ToInbox" duration-ms="5500" started-at="2015-09-16T01:46:45Z" description="As a User I can recover message from Trash back to Inbox" finished-at="2015-09-16T01:46:51Z">
          <reporter-output>
          </reporter-output>
        </test-method> <!-- test_Recover_FromTrashList_ToInbox -->
        <test-method status="PASS" signature="newSoftAssertObject()[pri:0, instance:tests.Test_Functional_Main@1108691]" name="newSoftAssertObject" is-config="true" duration-ms="0" started-at="2015-09-16T01:46:45Z" finished-at="2015-09-16T01:46:45Z">
          <reporter-output>
          </reporter-output>
        </test-method> <!-- newSoftAssertObject -->
        <test-method status="PASS" signature="test_Move_FromInboxList_ToSpam()[pri:0, instance:tests.Test_Functional_Main@1108691]" name="test_Move_FromInboxList_ToSpam" duration-ms="4797" started-at="2015-09-16T01:46:51Z" description="As a User I can move a message to Spam directly from Inbox" finished-at="2015-09-16T01:46:55Z">
          <reporter-output>
          </reporter-output>
        </test-method> <!-- test_Move_FromInboxList_ToSpam -->
        <test-method status="PASS" signature="newSoftAssertObject()[pri:0, instance:tests.Test_Functional_Main@1108691]" name="newSoftAssertObject" is-config="true" duration-ms="0" started-at="2015-09-16T01:46:51Z" finished-at="2015-09-16T01:46:51Z">
          <reporter-output>
          </reporter-output>
        </test-method> <!-- newSoftAssertObject -->
        <test-method status="PASS" signature="test_Recover_FromSpamList_ToInbox()[pri:0, instance:tests.Test_Functional_Main@1108691]" name="test_Recover_FromSpamList_ToInbox" duration-ms="4718" started-at="2015-09-16T01:46:55Z" description="As a User I can recover message from Spam folder (back to Inbox)" finished-at="2015-09-16T01:47:00Z">
          <reporter-output>
          </reporter-output>
        </test-method> <!-- test_Recover_FromSpamList_ToInbox -->
        <test-method status="PASS" signature="newSoftAssertObject()[pri:0, instance:tests.Test_Functional_Main@1108691]" name="newSoftAssertObject" is-config="true" duration-ms="0" started-at="2015-09-16T01:46:55Z" finished-at="2015-09-16T01:46:55Z">
          <reporter-output>
          </reporter-output>
        </test-method> <!-- newSoftAssertObject -->
        <test-method status="PASS" signature="newSoftAssertObject()[pri:0, instance:tests.Test_Functional_Main@1108691]" name="newSoftAssertObject" is-config="true" duration-ms="0" started-at="2015-09-16T01:47:00Z" finished-at="2015-09-16T01:47:00Z">
          <reporter-output>
          </reporter-output>
        </test-method> <!-- newSoftAssertObject -->
        <test-method status="PASS" signature="test_DragAndDrop_InboxToSpam()[pri:0, instance:tests.Test_Functional_Main@1108691]" name="test_DragAndDrop_InboxToSpam" duration-ms="5532" started-at="2015-09-16T01:47:00Z" description="As a User I can drag-n-drop selected message from Inbox to Spam folder)" finished-at="2015-09-16T01:47:06Z">
          <reporter-output>
          </reporter-output>
        </test-method> <!-- test_DragAndDrop_InboxToSpam -->
      </class> <!-- tests.Test_Functional_Main -->
      <class name="tests.Test_Login">
        <test-method status="PASS" signature="setupDriver(java.lang.String, java.lang.String)[pri:0, instance:tests.Test_Login@10d16b]" name="setupDriver" is-config="true" duration-ms="3703" started-at="2015-09-16T01:45:21Z" finished-at="2015-09-16T01:45:24Z">
          <params>
            <param index="0">
              <value>
                <![CDATA[Firefox]]>
              </value>
            </param>
            <param index="1">
              <value>
                <![CDATA[false]]>
              </value>
            </param>
          </params>
          <reporter-output>
          </reporter-output>
        </test-method> <!-- setupDriver -->
        <test-method status="PASS" signature="setup()[pri:0, instance:tests.Test_Login@10d16b]" name="setup" is-config="true" duration-ms="0" started-at="2015-09-16T01:45:32Z" finished-at="2015-09-16T01:45:32Z">
          <reporter-output>
          </reporter-output>
        </test-method> <!-- setup -->
        <test-method status="SKIP" signature="test_Login(java.lang.String, java.lang.String, java.lang.String, java.lang.String, java.lang.String)[pri:0, instance:tests.Test_Login@10d16b]" name="test_Login" duration-ms="0" started-at="2015-09-16T01:45:32Z" data-provider="loginExel" finished-at="2015-09-16T01:45:32Z">
          <exception class="java.lang.NoClassDefFoundError">
            <message>
              <![CDATA[org/apache/poi/ss/usermodel/Workbook]]>
            </message>
            <full-stacktrace>
              <![CDATA[java.lang.NoClassDefFoundError: org/apache/poi/ss/usermodel/Workbook
	at java.lang.Class.getDeclaredMethods0(Native Method)
	at java.lang.Class.privateGetDeclaredMethods(Unknown Source)
	at java.lang.Class.getDeclaredMethods(Unknown Source)
	at org.testng.internal.ClassHelper.getAvailableMethods(ClassHelper.java:186)
	at org.testng.internal.Parameters.findDataProvider(Parameters.java:334)
	at org.testng.internal.Parameters.findDataProvider(Parameters.java:270)
	at org.testng.internal.Parameters.handleParameters(Parameters.java:430)
	at org.testng.internal.Invoker.handleParameters(Invoker.java:1300)
	at org.testng.internal.Invoker.createParameters(Invoker.java:1015)
	at org.testng.internal.Invoker.invokeTestMethods(Invoker.java:1104)
	at org.testng.internal.TestMethodWorker.invokeTestMethods(TestMethodWorker.java:125)
	at org.testng.internal.TestMethodWorker.run(TestMethodWorker.java:108)
	at org.testng.TestRunner.privateRun(TestRunner.java:771)
	at org.testng.TestRunner.run(TestRunner.java:621)
	at org.testng.SuiteRunner.runTest(SuiteRunner.java:357)
	at org.testng.SuiteRunner.runSequentially(SuiteRunner.java:352)
	at org.testng.SuiteRunner.privateRun(SuiteRunner.java:310)
	at org.testng.SuiteRunner.run(SuiteRunner.java:259)
	at org.testng.SuiteRunnerWorker.runSuite(SuiteRunnerWorker.java:52)
	at org.testng.SuiteRunnerWorker.run(SuiteRunnerWorker.java:86)
	at org.testng.TestNG.runSuitesSequentially(TestNG.java:1199)
	at org.testng.TestNG.runSuitesLocally(TestNG.java:1124)
	at org.testng.TestNG.run(TestNG.java:1032)
	at org.apache.maven.surefire.testng.TestNGExecutor.run(TestNGExecutor.java:178)
	at org.apache.maven.surefire.testng.TestNGXmlTestSuite.execute(TestNGXmlTestSuite.java:92)
	at org.apache.maven.surefire.testng.TestNGProvider.invoke(TestNGProvider.java:96)
	at sun.reflect.NativeMethodAccessorImpl.invoke0(Native Method)
	at sun.reflect.NativeMethodAccessorImpl.invoke(Unknown Source)
	at sun.reflect.DelegatingMethodAccessorImpl.invoke(Unknown Source)
	at java.lang.reflect.Method.invoke(Unknown Source)
	at org.apache.maven.surefire.util.ReflectionUtils.invokeMethodWithArray2(ReflectionUtils.java:208)
	at org.apache.maven.surefire.booter.ProviderFactory$ProviderProxy.invoke(ProviderFactory.java:158)
	at org.apache.maven.surefire.booter.ProviderFactory.invokeProvider(ProviderFactory.java:86)
	at org.apache.maven.surefire.booter.ForkedBooter.runSuitesInProcess(ForkedBooter.java:153)
	at org.apache.maven.surefire.booter.ForkedBooter.main(ForkedBooter.java:95)
Caused by: java.lang.ClassNotFoundException: org.apache.poi.ss.usermodel.Workbook
	at java.net.URLClassLoader$1.run(Unknown Source)
	at java.net.URLClassLoader$1.run(Unknown Source)
	at java.security.AccessController.doPrivileged(Native Method)
	at java.net.URLClassLoader.findClass(Unknown Source)
	at java.lang.ClassLoader.loadClass(Unknown Source)
	at sun.misc.Launcher$AppClassLoader.loadClass(Unknown Source)
	at java.lang.ClassLoader.loadClass(Unknown Source)
	... 35 more
]]>
            </full-stacktrace>
          </exception> <!-- java.lang.NoClassDefFoundError -->
          <reporter-output>
          </reporter-output>
        </test-method> <!-- test_Login -->
        <test-method status="PASS" signature="tearDownSuite()[pri:0, instance:tests.Test_Login@10d16b]" name="tearDownSuite" is-config="true" duration-ms="531" started-at="2015-09-16T01:47:06Z" finished-at="2015-09-16T01:47:06Z">
          <reporter-output>
          </reporter-output>
        </test-method> <!-- tearDownSuite -->
      </class> <!-- tests.Test_Login -->
      <class name="tests.Test_Registration">
        <test-method status="PASS" signature="setup()[pri:0, instance:tests.Test_Registration@19cad9d]" name="setup" is-config="true" duration-ms="31" started-at="2015-09-16T01:45:24Z" finished-at="2015-09-16T01:45:24Z">
          <reporter-output>
          </reporter-output>
        </test-method> <!-- setup -->
        <test-method status="PASS" signature="newSoftAssertObject()[pri:0, instance:tests.Test_Registration@19cad9d]" name="newSoftAssertObject" is-config="true" duration-ms="16" started-at="2015-09-16T01:45:24Z" finished-at="2015-09-16T01:45:24Z">
          <reporter-output>
          </reporter-output>
        </test-method> <!-- newSoftAssertObject -->
        <test-method status="PASS" signature="testCheckRegistrationLinks()[pri:0, instance:tests.Test_Registration@19cad9d]" name="testCheckRegistrationLinks" duration-ms="2312" started-at="2015-09-16T01:45:24Z" description="Checking registration links on the login page" finished-at="2015-09-16T01:45:27Z">
          <reporter-output>
          </reporter-output>
        </test-method> <!-- testCheckRegistrationLinks -->
        <test-method status="PASS" signature="testRegPageEmptyFieldsErrorHandling()[pri:0, instance:tests.Test_Registration@19cad9d]" name="testRegPageEmptyFieldsErrorHandling" duration-ms="985" started-at="2015-09-16T01:45:27Z" description="Checking error messages on the Registration page - &#039;Empty fields&#039;" finished-at="2015-09-16T01:45:28Z">
          <reporter-output>
          </reporter-output>
        </test-method> <!-- testRegPageEmptyFieldsErrorHandling -->
        <test-method status="PASS" signature="newSoftAssertObject()[pri:0, instance:tests.Test_Registration@19cad9d]" name="newSoftAssertObject" is-config="true" duration-ms="0" started-at="2015-09-16T01:45:27Z" finished-at="2015-09-16T01:45:27Z">
          <reporter-output>
          </reporter-output>
        </test-method> <!-- newSoftAssertObject -->
        <test-method status="FAIL" signature="testRegistration()[pri:0, instance:tests.Test_Registration@19cad9d]" name="testRegistration" duration-ms="4500" started-at="2015-09-16T01:45:28Z" description="(Un)Successful registration" finished-at="2015-09-16T01:45:32Z">
          <exception class="org.openqa.selenium.NoSuchElementException">
            <message>
              <![CDATA[Unable to locate element: {"method":"css selector","selector":".signup-done__view>button"}
Command duration or timeout: 3.05 seconds
For documentation on this error, please visit: http://seleniumhq.org/exceptions/no_such_element.html
Build info: version: '2.47.1', revision: 'unknown', time: '2015-07-30 11:02:44'
System info: host: 'mib-84a305b9628', ip: '192.168.1.10', os.name: 'Windows XP', os.arch: 'x86', os.version: '5.1', java.version: '1.7.0_80'
*** Element info: {Using=css selector, value=.signup-done__view>button}
Session ID: a76c4ccb-f049-44da-817e-532e83ed4405
Driver info: org.openqa.selenium.firefox.FirefoxDriver
Capabilities [{platform=WINDOWS, acceptSslCerts=true, javascriptEnabled=true, cssSelectorsEnabled=true, databaseEnabled=true, browserName=firefox, handlesAlerts=true, nativeEvents=false, webStorageEnabled=true, rotatable=false, locationContextEnabled=true, applicationCacheEnabled=true, takesScreenshot=true, version=40.0.3}]]]>
            </message>
            <full-stacktrace>
              <![CDATA[org.openqa.selenium.NoSuchElementException: Unable to locate element: {"method":"css selector","selector":".signup-done__view>button"}
Command duration or timeout: 3.05 seconds
For documentation on this error, please visit: http://seleniumhq.org/exceptions/no_such_element.html
Build info: version: '2.47.1', revision: 'unknown', time: '2015-07-30 11:02:44'
System info: host: 'mib-84a305b9628', ip: '192.168.1.10', os.name: 'Windows XP', os.arch: 'x86', os.version: '5.1', java.version: '1.7.0_80'
*** Element info: {Using=css selector, value=.signup-done__view>button}
Session ID: a76c4ccb-f049-44da-817e-532e83ed4405
Driver info: org.openqa.selenium.firefox.FirefoxDriver
Capabilities [{platform=WINDOWS, acceptSslCerts=true, javascriptEnabled=true, cssSelectorsEnabled=true, databaseEnabled=true, browserName=firefox, handlesAlerts=true, nativeEvents=false, webStorageEnabled=true, rotatable=false, locationContextEnabled=true, applicationCacheEnabled=true, takesScreenshot=true, version=40.0.3}]
	at sun.reflect.NativeConstructorAccessorImpl.newInstance0(Native Method)
	at sun.reflect.NativeConstructorAccessorImpl.newInstance(Unknown Source)
	at sun.reflect.DelegatingConstructorAccessorImpl.newInstance(Unknown Source)
	at java.lang.reflect.Constructor.newInstance(Unknown Source)
	at org.openqa.selenium.remote.ErrorHandler.createThrowable(ErrorHandler.java:206)
	at org.openqa.selenium.remote.ErrorHandler.throwIfResponseFailed(ErrorHandler.java:158)
	at org.openqa.selenium.remote.RemoteWebDriver.execute(RemoteWebDriver.java:595)
	at org.openqa.selenium.remote.RemoteWebDriver.findElement(RemoteWebDriver.java:348)
	at org.openqa.selenium.remote.RemoteWebDriver.findElementByCssSelector(RemoteWebDriver.java:437)
	at org.openqa.selenium.By$ByCssSelector.findElement(By.java:426)
	at org.openqa.selenium.remote.RemoteWebDriver.findElement(RemoteWebDriver.java:340)
	at org.openqa.selenium.support.pagefactory.DefaultElementLocator.findElement(DefaultElementLocator.java:69)
	at org.openqa.selenium.support.pagefactory.internal.LocatingElementHandler.invoke(LocatingElementHandler.java:38)
	at com.sun.proxy.$Proxy9.isDisplayed(Unknown Source)
	at tests.Test_Registration.testRegistration(Test_Registration.java:65)
	at sun.reflect.NativeMethodAccessorImpl.invoke0(Native Method)
	at sun.reflect.NativeMethodAccessorImpl.invoke(Unknown Source)
	at sun.reflect.DelegatingMethodAccessorImpl.invoke(Unknown Source)
	at java.lang.reflect.Method.invoke(Unknown Source)
	at org.testng.internal.MethodInvocationHelper.invokeMethod(MethodInvocationHelper.java:85)
	at org.testng.internal.Invoker.invokeMethod(Invoker.java:659)
	at org.testng.internal.Invoker.invokeTestMethod(Invoker.java:845)
	at org.testng.internal.Invoker.invokeTestMethods(Invoker.java:1153)
	at org.testng.internal.TestMethodWorker.invokeTestMethods(TestMethodWorker.java:125)
	at org.testng.internal.TestMethodWorker.run(TestMethodWorker.java:108)
	at org.testng.TestRunner.privateRun(TestRunner.java:771)
	at org.testng.TestRunner.run(TestRunner.java:621)
	at org.testng.SuiteRunner.runTest(SuiteRunner.java:357)
	at org.testng.SuiteRunner.runSequentially(SuiteRunner.java:352)
	at org.testng.SuiteRunner.privateRun(SuiteRunner.java:310)
	at org.testng.SuiteRunner.run(SuiteRunner.java:259)
	at org.testng.SuiteRunnerWorker.runSuite(SuiteRunnerWorker.java:52)
	at org.testng.SuiteRunnerWorker.run(SuiteRunnerWorker.java:86)
	at org.testng.TestNG.runSuitesSequentially(TestNG.java:1199)
	at org.testng.TestNG.runSuitesLocally(TestNG.java:1124)
	at org.testng.TestNG.run(TestNG.java:1032)
	at org.apache.maven.surefire.testng.TestNGExecutor.run(TestNGExecutor.java:178)
	at org.apache.maven.surefire.testng.TestNGXmlTestSuite.execute(TestNGXmlTestSuite.java:92)
	at org.apache.maven.surefire.testng.TestNGProvider.invoke(TestNGProvider.java:96)
	at sun.reflect.NativeMethodAccessorImpl.invoke0(Native Method)
	at sun.reflect.NativeMethodAccessorImpl.invoke(Unknown Source)
	at sun.reflect.DelegatingMethodAccessorImpl.invoke(Unknown Source)
	at java.lang.reflect.Method.invoke(Unknown Source)
	at org.apache.maven.surefire.util.ReflectionUtils.invokeMethodWithArray2(ReflectionUtils.java:208)
	at org.apache.maven.surefire.booter.ProviderFactory$ProviderProxy.invoke(ProviderFactory.java:158)
	at org.apache.maven.surefire.booter.ProviderFactory.invokeProvider(ProviderFactory.java:86)
	at org.apache.maven.surefire.booter.ForkedBooter.runSuitesInProcess(ForkedBooter.java:153)
	at org.apache.maven.surefire.booter.ForkedBooter.main(ForkedBooter.java:95)
Caused by: org.openqa.selenium.NoSuchElementException: Unable to locate element: {"method":"css selector","selector":".signup-done__view>button"}
For documentation on this error, please visit: http://seleniumhq.org/exceptions/no_such_element.html
Build info: version: '2.47.1', revision: 'unknown', time: '2015-07-30 11:02:44'
System info: host: 'mib-84a305b9628', ip: '192.168.1.10', os.name: 'Windows XP', os.arch: 'x86', os.version: '5.1', java.version: '1.7.0_80'
Driver info: driver.version: unknown
	at <anonymous class>.FirefoxDriver.prototype.findElementInternal_(file:///J:/Temp/anonymous7141226977594678080webdriver-profile/extensions/fxdriver@googlecode.com/components/driver-component.js:10667)
	at <anonymous class>.fxdriver.Timer.prototype.setTimeout/<.notify(file:///J:/Temp/anonymous7141226977594678080webdriver-profile/extensions/fxdriver@googlecode.com/components/driver-component.js:623)
]]>
            </full-stacktrace>
          </exception> <!-- org.openqa.selenium.NoSuchElementException -->
          <reporter-output>
          </reporter-output>
        </test-method> <!-- testRegistration -->
        <test-method status="PASS" signature="newSoftAssertObject()[pri:0, instance:tests.Test_Registration@19cad9d]" name="newSoftAssertObject" is-config="true" duration-ms="0" started-at="2015-09-16T01:45:28Z" finished-at="2015-09-16T01:45:28Z">
          <reporter-output>
          </reporter-output>
        </test-method> <!-- newSoftAssertObject -->
      </class> <!-- tests.Test_Registration -->
    </test> <!-- Firefox -->
  </suite> <!-- SmokeTest -->
  <suite name="Failed suite [Default suite]" duration-ms="15" started-at="2015-09-15T22:47:06Z" finished-at="2015-09-15T22:47:06Z">
    <groups>
    </groups>
    <test name="Default test(failed)" duration-ms="15" started-at="2015-09-15T22:47:06Z" finished-at="2015-09-15T22:47:06Z">
      <class name="tests.Test_Registration">
        <test-method status="PASS" signature="setupDriver(java.lang.String, java.lang.String)[pri:0, instance:tests.Test_Registration@25352b]" name="setupDriver" is-config="true" duration-ms="0" started-at="2015-09-16T01:47:06Z" finished-at="2015-09-16T01:47:06Z">
          <params>
            <param index="0">
              <value>
                <![CDATA[Firefox]]>
              </value>
            </param>
            <param index="1">
              <value>
                <![CDATA[false]]>
              </value>
            </param>
          </params>
          <reporter-output>
          </reporter-output>
        </test-method> <!-- setupDriver -->
        <test-method status="PASS" signature="newSoftAssertObject()[pri:0, instance:tests.Test_Registration@25352b]" name="newSoftAssertObject" is-config="true" duration-ms="0" started-at="2015-09-16T01:47:06Z" finished-at="2015-09-16T01:47:06Z">
          <reporter-output>
          </reporter-output>
        </test-method> <!-- newSoftAssertObject -->
        <test-method status="PASS" signature="setup()[pri:0, instance:tests.Test_Registration@25352b]" name="setup" is-config="true" duration-ms="0" started-at="2015-09-16T01:47:06Z" finished-at="2015-09-16T01:47:06Z">
          <reporter-output>
          </reporter-output>
        </test-method> <!-- setup -->
        <test-method status="FAIL" signature="testRegistration()[pri:0, instance:tests.Test_Registration@25352b]" name="testRegistration" duration-ms="0" started-at="2015-09-16T01:47:06Z" description="(Un)Successful registration" finished-at="2015-09-16T01:47:06Z">
          <exception class="org.openqa.selenium.remote.SessionNotFoundException">
            <message>
              <![CDATA[The FirefoxDriver cannot be used after quit() was called.
Build info: version: '2.47.1', revision: 'unknown', time: '2015-07-30 11:02:44'
System info: host: 'mib-84a305b9628', ip: '192.168.1.10', os.name: 'Windows XP', os.arch: 'x86', os.version: '5.1', java.version: '1.7.0_80'
Driver info: driver.version: RemoteWebDriver]]>
            </message>
            <full-stacktrace>
              <![CDATA[org.openqa.selenium.remote.SessionNotFoundException: The FirefoxDriver cannot be used after quit() was called.
Build info: version: '2.47.1', revision: 'unknown', time: '2015-07-30 11:02:44'
System info: host: 'mib-84a305b9628', ip: '192.168.1.10', os.name: 'Windows XP', os.arch: 'x86', os.version: '5.1', java.version: '1.7.0_80'
Driver info: driver.version: RemoteWebDriver
	at org.openqa.selenium.firefox.FirefoxDriver$LazyCommandExecutor.execute(FirefoxDriver.java:390)
	at org.openqa.selenium.remote.RemoteWebDriver.execute(RemoteWebDriver.java:568)
	at org.openqa.selenium.remote.RemoteWebDriver.get(RemoteWebDriver.java:306)
	at helpers.BaseClass.openPage(BaseClass.java:35)
	at pages.Registration.load(Registration.java:48)
	at tests.Test_Registration.testRegistration(Test_Registration.java:51)
	at sun.reflect.NativeMethodAccessorImpl.invoke0(Native Method)
	at sun.reflect.NativeMethodAccessorImpl.invoke(Unknown Source)
	at sun.reflect.DelegatingMethodAccessorImpl.invoke(Unknown Source)
	at java.lang.reflect.Method.invoke(Unknown Source)
	at org.testng.internal.MethodInvocationHelper.invokeMethod(MethodInvocationHelper.java:85)
	at org.testng.internal.Invoker.invokeMethod(Invoker.java:659)
	at org.testng.internal.Invoker.invokeTestMethod(Invoker.java:845)
	at org.testng.internal.Invoker.invokeTestMethods(Invoker.java:1153)
	at org.testng.internal.TestMethodWorker.invokeTestMethods(TestMethodWorker.java:125)
	at org.testng.internal.TestMethodWorker.run(TestMethodWorker.java:108)
	at org.testng.TestRunner.privateRun(TestRunner.java:771)
	at org.testng.TestRunner.run(TestRunner.java:621)
	at org.testng.SuiteRunner.runTest(SuiteRunner.java:357)
	at org.testng.SuiteRunner.runSequentially(SuiteRunner.java:352)
	at org.testng.SuiteRunner.privateRun(SuiteRunner.java:310)
	at org.testng.SuiteRunner.run(SuiteRunner.java:259)
	at org.testng.SuiteRunnerWorker.runSuite(SuiteRunnerWorker.java:52)
	at org.testng.SuiteRunnerWorker.run(SuiteRunnerWorker.java:86)
	at org.testng.TestNG.runSuitesSequentially(TestNG.java:1199)
	at org.testng.TestNG.runSuitesLocally(TestNG.java:1124)
	at org.testng.TestNG.run(TestNG.java:1032)
	at org.apache.maven.surefire.testng.TestNGExecutor.run(TestNGExecutor.java:178)
	at org.apache.maven.surefire.testng.TestNGXmlTestSuite.execute(TestNGXmlTestSuite.java:92)
	at org.apache.maven.surefire.testng.TestNGProvider.invoke(TestNGProvider.java:96)
	at sun.reflect.NativeMethodAccessorImpl.invoke0(Native Method)
	at sun.reflect.NativeMethodAccessorImpl.invoke(Unknown Source)
	at sun.reflect.DelegatingMethodAccessorImpl.invoke(Unknown Source)
	at java.lang.reflect.Method.invoke(Unknown Source)
	at org.apache.maven.surefire.util.ReflectionUtils.invokeMethodWithArray2(ReflectionUtils.java:208)
	at org.apache.maven.surefire.booter.ProviderFactory$ProviderProxy.invoke(ProviderFactory.java:158)
	at org.apache.maven.surefire.booter.ProviderFactory.invokeProvider(ProviderFactory.java:86)
	at org.apache.maven.surefire.booter.ForkedBooter.runSuitesInProcess(ForkedBooter.java:153)
	at org.apache.maven.surefire.booter.ForkedBooter.main(ForkedBooter.java:95)
]]>
            </full-stacktrace>
          </exception> <!-- org.openqa.selenium.remote.SessionNotFoundException -->
          <reporter-output>
          </reporter-output>
        </test-method> <!-- testRegistration -->
        <test-method status="PASS" signature="tearDownSuite()[pri:0, instance:tests.Test_Registration@25352b]" name="tearDownSuite" is-config="true" duration-ms="0" started-at="2015-09-16T01:47:06Z" finished-at="2015-09-16T01:47:06Z">
          <reporter-output>
          </reporter-output>
        </test-method> <!-- tearDownSuite -->
      </class> <!-- tests.Test_Registration -->
    </test> <!-- Default test(failed) -->
  </suite> <!-- Failed suite [Default suite] -->
</testng-results>
