<!DOCTYPE html PUBLIC "-//W3C//DTD XHTML 1.1//EN" "http://www.w3.org/TR/xhtml11/DTD/xhtml11.dtd">
<html xmlns="http://www.w3.org/1999/xhtml"><head><title>TestNG Report</title><style type="text/css">table {margin-bottom:10px;border-collapse:collapse;empty-cells:show}th,td {border:1px solid #009;padding:.25em .5em}th {vertical-align:bottom}td {vertical-align:top}table a {font-weight:bold}.stripe td {background-color: #E6EBF9}.num {text-align:right}.passedodd td {background-color: #3F3}.passedeven td {background-color: #0A0}.skippedodd td {background-color: #DDD}.skippedeven td {background-color: #CCC}.failedodd td,.attn {background-color: #F33}.failedeven td,.stripe .attn {background-color: #D00}.stacktrace {white-space:pre;font-family:monospace}.totop {font-size:85%;text-align:center;border-bottom:2px solid #000}</style></head><body><table><tr><th>Test</th><th># Passed</th><th># Skipped</th><th># Failed</th><th>Time (ms)</th><th>Included Groups</th><th>Excluded Groups</th></tr><tr><th colspan="7">Suite</th></tr><tr><td><a href="#t0">Test</a></td><td class="num">9</td><td class="num">0</td><td class="num attn">4</td><td class="num">79 937</td><td></td><td></td></tr></table><table><thead><tr><th>Class</th><th>Method</th><th>Start</th><th>Time (ms)</th></tr></thead><tbody><tr><th colspan="4">Suite</th></tr></tbody><tbody id="t0"><tr><th colspan="4">Test &#8212; failed</th></tr><tr class="failedeven"><td rowspan="4">tests.SmokeTest</td><td><a href="#m0">testLogin</a></td><td rowspan="3">1441922589265</td><td rowspan="3">3594</td></tr><tr class="failedeven"><td><a href="#m1">testLogin</a></td></tr><tr class="failedeven"><td><a href="#m2">testLogin</a></td></tr><tr class="failedeven"><td><a href="#m3">testMoveToTrashFromInboxList</a></td><td rowspan="1">1441922647078</td><td rowspan="1">5078</td></tr><tr><th colspan="4">Test &#8212; passed</th></tr><tr class="passedeven"><td rowspan="9">tests.SmokeTest</td><td><a href="#m4">testCheckRegistrationLinks</a></td><td rowspan="1">1441922587828</td><td rowspan="1">1422</td></tr><tr class="passedeven"><td><a href="#m5">testCreateMessage</a></td><td rowspan="1">1441922602171</td><td rowspan="1">5766</td></tr><tr class="passedeven"><td><a href="#m6">testForwardInboxMessage</a></td><td rowspan="1">1441922639468</td><td rowspan="1">7610</td></tr><tr class="passedeven"><td><a href="#m7">testOpenInboxMessage</a></td><td rowspan="1">1441922623484</td><td rowspan="1">5766</td></tr><tr class="passedeven"><td><a href="#m8">testReadAndMoveToTrash</a></td><td rowspan="1">1441922652156</td><td rowspan="1">5109</td></tr><tr class="passedeven"><td><a href="#m9">testRecoverFromTrashToInbox</a></td><td rowspan="1">1441922657265</td><td rowspan="1">4563</td></tr><tr class="passedeven"><td><a href="#m10">testRegPageEmptyFieldsErrorHandling</a></td><td rowspan="1">1441922586250</td><td rowspan="1">1578</td></tr><tr class="passedeven"><td><a href="#m11">testReplyToMessage</a></td><td rowspan="1">1441922629250</td><td rowspan="1">10218</td></tr><tr class="passedeven"><td><a href="#m12">testSendMessage</a></td><td rowspan="1">1441922607937</td><td rowspan="1">15547</td></tr></tbody></table><h2>Test</h2><h3 id="m0">tests.SmokeTest#testLogin</h3><table class="result"><tr class="param"><th>Parameter #1</th><th>Parameter #2</th><th>Parameter #3</th></tr><tr class="param stripe"><td>tester0667804531</td><td>p455word</td><td>Valid credentials</td></tr><tr><th colspan="3">Exception</th></tr><tr><td colspan="3"><div class="stacktrace">java.lang.AssertionError: The following asserts failed:
Inbox folder link is missing! expected [false] but found [true]
	at tests.SmokeTest.testLogin(SmokeTest.java:165)
... Removed 25 stack frames</div></td></tr></table><p class="totop"><a href="#summary">back to summary</a></p><h3 id="m1">tests.SmokeTest#testLogin</h3><table class="result"><tr class="param"><th>Parameter #1</th><th>Parameter #2</th><th>Parameter #3</th></tr><tr class="param stripe"><td>wrong_login_name</td><td>p455word</td><td>Неверно указан логин или пароль. Подробнее </td></tr><tr><th colspan="3">Exception</th></tr><tr><td colspan="3"><div class="stacktrace">org.openqa.selenium.NoSuchElementException: Unable to locate element: {&quot;method&quot;:&quot;css selector&quot;,&quot;selector&quot;:&quot;[href*=\&quot;lang=ru\&quot;]&quot;}
Command duration or timeout: 3.70 seconds
For documentation on this error, please visit: http://seleniumhq.org/exceptions/no_such_element.html
Build info: version: &apos;2.47.1&apos;, revision: &apos;unknown&apos;, time: &apos;2015-07-30 11:02:44&apos;
System info: host: &apos;mib-84a305b9628&apos;, ip: &apos;192.168.1.10&apos;, os.name: &apos;Windows XP&apos;, os.arch: &apos;x86&apos;, os.version: &apos;5.1&apos;, java.version: &apos;1.7.0_80&apos;
*** Element info: {Using=css selector, value=[href*=&quot;lang=ru&quot;]}
Session ID: adda109c-d0ec-4f88-95fb-525a2280eca6
Driver info: org.openqa.selenium.firefox.FirefoxDriver
Capabilities [{platform=WINDOWS, acceptSslCerts=true, javascriptEnabled=true, cssSelectorsEnabled=true, databaseEnabled=true, browserName=firefox, handlesAlerts=true, nativeEvents=false, webStorageEnabled=true, rotatable=false, locationContextEnabled=true, applicationCacheEnabled=true, takesScreenshot=true, version=40.0.3}]
	at org.openqa.selenium.remote.ErrorHandler.createThrowable(ErrorHandler.java:206)
	at org.openqa.selenium.remote.ErrorHandler.throwIfResponseFailed(ErrorHandler.java:158)
	at org.openqa.selenium.remote.RemoteWebDriver.execute(RemoteWebDriver.java:595)
	at org.openqa.selenium.remote.RemoteWebDriver.findElement(RemoteWebDriver.java:348)
	at org.openqa.selenium.remote.RemoteWebDriver.findElementByCssSelector(RemoteWebDriver.java:437)
	at org.openqa.selenium.By$ByCssSelector.findElement(By.java:426)
	at org.openqa.selenium.remote.RemoteWebDriver.findElement(RemoteWebDriver.java:340)
	at org.openqa.selenium.support.pagefactory.DefaultElementLocator.findElement(DefaultElementLocator.java:69)
	at org.openqa.selenium.support.pagefactory.internal.LocatingElementHandler.invoke(LocatingElementHandler.java:38)
	at com.sun.proxy.$Proxy7.click(Unknown Source)
	at pages.LoginPage.setLanguage(LoginPage.java:47)
	at tests.SmokeTest.testLogin(SmokeTest.java:156)
Caused by: org.openqa.selenium.NoSuchElementException: Unable to locate element: {&quot;method&quot;:&quot;css selector&quot;,&quot;selector&quot;:&quot;[href*=\&quot;lang=ru\&quot;]&quot;}
For documentation on this error, please visit: http://seleniumhq.org/exceptions/no_such_element.html
Build info: version: &apos;2.47.1&apos;, revision: &apos;unknown&apos;, time: &apos;2015-07-30 11:02:44&apos;
System info: host: &apos;mib-84a305b9628&apos;, ip: &apos;192.168.1.10&apos;, os.name: &apos;Windows XP&apos;, os.arch: &apos;x86&apos;, os.version: &apos;5.1&apos;, java.version: &apos;1.7.0_80&apos;
Driver info: driver.version: unknown
	at &lt;anonymous class&gt;.FirefoxDriver.prototype.findElementInternal_(file:///J:/Temp/anonymous1095432414352362797webdriver-profile/extensions/fxdriver@googlecode.com/components/driver-component.js:10667)
	at &lt;anonymous class&gt;.fxdriver.Timer.prototype.setTimeout/&lt;.notify(file:///J:/Temp/anonymous1095432414352362797webdriver-profile/extensions/fxdriver@googlecode.com/components/driver-component.js:623)
... Removed 28 stack frames</div></td></tr></table><p class="totop"><a href="#summary">back to summary</a></p><h3 id="m2">tests.SmokeTest#testLogin</h3><table class="result"><tr class="param"><th>Parameter #1</th><th>Parameter #2</th><th>Parameter #3</th></tr><tr class="param stripe"><td>tester0667804531</td><td>wrong_pass</td><td>Неверно указан логин или пароль. Подробнее</td></tr><tr><th colspan="3">Exception</th></tr><tr><td colspan="3"><div class="stacktrace">org.openqa.selenium.NoSuchElementException: Unable to locate element: {&quot;method&quot;:&quot;css selector&quot;,&quot;selector&quot;:&quot;[href*=\&quot;lang=ru\&quot;]&quot;}
Command duration or timeout: 4.67 seconds
For documentation on this error, please visit: http://seleniumhq.org/exceptions/no_such_element.html
Build info: version: &apos;2.47.1&apos;, revision: &apos;unknown&apos;, time: &apos;2015-07-30 11:02:44&apos;
System info: host: &apos;mib-84a305b9628&apos;, ip: &apos;192.168.1.10&apos;, os.name: &apos;Windows XP&apos;, os.arch: &apos;x86&apos;, os.version: &apos;5.1&apos;, java.version: &apos;1.7.0_80&apos;
*** Element info: {Using=css selector, value=[href*=&quot;lang=ru&quot;]}
Session ID: adda109c-d0ec-4f88-95fb-525a2280eca6
Driver info: org.openqa.selenium.firefox.FirefoxDriver
Capabilities [{platform=WINDOWS, acceptSslCerts=true, javascriptEnabled=true, cssSelectorsEnabled=true, databaseEnabled=true, browserName=firefox, handlesAlerts=true, nativeEvents=false, webStorageEnabled=true, rotatable=false, locationContextEnabled=true, applicationCacheEnabled=true, takesScreenshot=true, version=40.0.3}]
	at org.openqa.selenium.remote.ErrorHandler.createThrowable(ErrorHandler.java:206)
	at org.openqa.selenium.remote.ErrorHandler.throwIfResponseFailed(ErrorHandler.java:158)
	at org.openqa.selenium.remote.RemoteWebDriver.execute(RemoteWebDriver.java:595)
	at org.openqa.selenium.remote.RemoteWebDriver.findElement(RemoteWebDriver.java:348)
	at org.openqa.selenium.remote.RemoteWebDriver.findElementByCssSelector(RemoteWebDriver.java:437)
	at org.openqa.selenium.By$ByCssSelector.findElement(By.java:426)
	at org.openqa.selenium.remote.RemoteWebDriver.findElement(RemoteWebDriver.java:340)
	at org.openqa.selenium.support.pagefactory.DefaultElementLocator.findElement(DefaultElementLocator.java:69)
	at org.openqa.selenium.support.pagefactory.internal.LocatingElementHandler.invoke(LocatingElementHandler.java:38)
	at com.sun.proxy.$Proxy7.click(Unknown Source)
	at pages.LoginPage.setLanguage(LoginPage.java:47)
	at tests.SmokeTest.testLogin(SmokeTest.java:156)
Caused by: org.openqa.selenium.NoSuchElementException: Unable to locate element: {&quot;method&quot;:&quot;css selector&quot;,&quot;selector&quot;:&quot;[href*=\&quot;lang=ru\&quot;]&quot;}
For documentation on this error, please visit: http://seleniumhq.org/exceptions/no_such_element.html
Build info: version: &apos;2.47.1&apos;, revision: &apos;unknown&apos;, time: &apos;2015-07-30 11:02:44&apos;
System info: host: &apos;mib-84a305b9628&apos;, ip: &apos;192.168.1.10&apos;, os.name: &apos;Windows XP&apos;, os.arch: &apos;x86&apos;, os.version: &apos;5.1&apos;, java.version: &apos;1.7.0_80&apos;
Driver info: driver.version: unknown
	at &lt;anonymous class&gt;.FirefoxDriver.prototype.findElementInternal_(file:///J:/Temp/anonymous1095432414352362797webdriver-profile/extensions/fxdriver@googlecode.com/components/driver-component.js:10667)
	at &lt;anonymous class&gt;.fxdriver.Timer.prototype.setTimeout/&lt;.notify(file:///J:/Temp/anonymous1095432414352362797webdriver-profile/extensions/fxdriver@googlecode.com/components/driver-component.js:623)
... Removed 28 stack frames</div></td></tr></table><p class="totop"><a href="#summary">back to summary</a></p><h3 id="m3">tests.SmokeTest#testMoveToTrashFromInboxList</h3><table class="result"><tr><th>Exception</th></tr><tr><td><div class="stacktrace">java.lang.AssertionError: The following asserts failed:
testMoveToTrashFromInboxList failed expected [false] but found [true]
	at tests.SmokeTest.testMoveToTrashFromInboxList(SmokeTest.java:251)
... Removed 25 stack frames</div></td></tr></table><p class="totop"><a href="#summary">back to summary</a></p><h3 id="m4">tests.SmokeTest#testCheckRegistrationLinks</h3><table class="result"></table><p class="totop"><a href="#summary">back to summary</a></p><h3 id="m5">tests.SmokeTest#testCreateMessage</h3><table class="result"></table><p class="totop"><a href="#summary">back to summary</a></p><h3 id="m6">tests.SmokeTest#testForwardInboxMessage</h3><table class="result"></table><p class="totop"><a href="#summary">back to summary</a></p><h3 id="m7">tests.SmokeTest#testOpenInboxMessage</h3><table class="result"></table><p class="totop"><a href="#summary">back to summary</a></p><h3 id="m8">tests.SmokeTest#testReadAndMoveToTrash</h3><table class="result"></table><p class="totop"><a href="#summary">back to summary</a></p><h3 id="m9">tests.SmokeTest#testRecoverFromTrashToInbox</h3><table class="result"></table><p class="totop"><a href="#summary">back to summary</a></p><h3 id="m10">tests.SmokeTest#testRegPageEmptyFieldsErrorHandling</h3><table class="result"></table><p class="totop"><a href="#summary">back to summary</a></p><h3 id="m11">tests.SmokeTest#testReplyToMessage</h3><table class="result"></table><p class="totop"><a href="#summary">back to summary</a></p><h3 id="m12">tests.SmokeTest#testSendMessage</h3><table class="result"></table><p class="totop"><a href="#summary">back to summary</a></p></body></html>