<html>
<head>
<title>TestNG:  smoketest-0.1</title>
<link href="../testng.css" rel="stylesheet" type="text/css" />
<link href="../my-testng.css" rel="stylesheet" type="text/css" />

<style type="text/css">
.log { display: none;} 
.stack-trace { display: none;} 
</style>
<script type="text/javascript">
<!--
function flip(e) {
  current = e.style.display;
  if (current == 'block') {
    e.style.display = 'none';
    return 0;
  }
  else {
    e.style.display = 'block';
    return 1;
  }
}

function toggleBox(szDivId, elem, msg1, msg2)
{
  var res = -1;  if (document.getElementById) {
    res = flip(document.getElementById(szDivId));
  }
  else if (document.all) {
    // this is the way old msie versions work
    res = flip(document.all[szDivId]);
  }
  if(elem) {
    if(res == 0) elem.innerHTML = msg1; else elem.innerHTML = msg2;
  }

}

function toggleAllBoxes() {
  if (document.getElementsByTagName) {
    d = document.getElementsByTagName('div');
    for (i = 0; i < d.length; i++) {
      if (d[i].className == 'log') {
        flip(d[i]);
      }
    }
  }
}

// -->
</script>

</head>
<body>
<h2 align='center'>smoketest-0.1</h2><table border='1' align="center">
<tr>
<td>Tests passed/Failed/Skipped:</td><td>9/3/0</td>
</tr><tr>
<td>Started on:</td><td>Thu Sep 10 14:21:06 EEST 2015</td>
</tr>
<tr><td>Total time:</td><td>67 seconds (67140 ms)</td>
</tr><tr>
<td>Included groups:</td><td></td>
</tr><tr>
<td>Excluded groups:</td><td></td>
</tr>
</table><p/>
<small><i>(Hover the method name to see the test class name)</i></small><p/>
<table width='100%' border='1' class='invocation-failed'>
<tr><td colspan='4' align='center'><b>FAILED TESTS</b></td></tr>
<tr><td><b>Test method</b></td>
<td width="30%"><b>Exception</b></td>
<td width="10%"><b>Time (seconds)</b></td>
<td><b>Instance</b></td>
</tr>
<tr>
<td title='tests.SmokeTest.testLogin()'><b>testLogin</b><br>Test class: tests.SmokeTest<br>Test method: As a User I can login only with valid credentials<br>Parameters: email4test, xterra, Valid credentials</td>
<td><div><pre>java.lang.AssertionError: The following asserts failed:
Inbox folder link is missing! expected [false] but found [true]
	at tests.SmokeTest.testLogin(SmokeTest.java:154)
... Removed 25 stack frames</pre></div><a href='#' onClick='toggleBox("stack-trace28168645", this, "Click to show all stack frames", "Click to hide stack frames")'>Click to show all stack frames</a>
<div class='stack-trace' id='stack-trace28168645'><pre>java.lang.AssertionError: The following asserts failed:
Inbox folder link is missing! expected [false] but found [true]
	at org.testng.asserts.SoftAssert.assertAll(SoftAssert.java:38)
	at tests.SmokeTest.testLogin(SmokeTest.java:154)
	at sun.reflect.NativeMethodAccessorImpl.invoke0(Native Method)
	at sun.reflect.NativeMethodAccessorImpl.invoke(Unknown Source)
	at sun.reflect.DelegatingMethodAccessorImpl.invoke(Unknown Source)
	at java.lang.reflect.Method.invoke(Unknown Source)
	at org.testng.internal.MethodInvocationHelper.invokeMethod(MethodInvocationHelper.java:85)
	at org.testng.internal.Invoker.invokeMethod(Invoker.java:659)
	at org.testng.internal.Invoker.invokeTestMethod(Invoker.java:845)
	at org.testng.internal.Invoker.invokeTestMethods(Invoker.java:1153)
	at org.testng.internal.TestMethodWorker.invokeTestMethods(TestMethodWorker.java:125)
	at org.testng.internal.TestMethodWorker.run(TestMethodWorker.java:108)
	at org.testng.TestRunner.privateRun(TestRunner.java:771)
	at org.testng.TestRunner.run(TestRunner.java:621)
	at org.testng.SuiteRunner.runTest(SuiteRunner.java:357)
	at org.testng.SuiteRunner.runSequentially(SuiteRunner.java:352)
	at org.testng.SuiteRunner.privateRun(SuiteRunner.java:310)
	at org.testng.SuiteRunner.run(SuiteRunner.java:259)
	at org.testng.SuiteRunnerWorker.runSuite(SuiteRunnerWorker.java:52)
	at org.testng.SuiteRunnerWorker.run(SuiteRunnerWorker.java:86)
	at org.testng.TestNG.runSuitesSequentially(TestNG.java:1199)
	at org.testng.TestNG.runSuitesLocally(TestNG.java:1124)
	at org.testng.TestNG.run(TestNG.java:1032)
	at org.testng.remote.RemoteTestNG.run(RemoteTestNG.java:111)
	at org.testng.remote.RemoteTestNG.initAndRun(RemoteTestNG.java:204)
	at org.testng.remote.RemoteTestNG.main(RemoteTestNG.java:175)
</pre></div></td>
<td>4</td>
<td>tests.SmokeTest@154b574</td></tr>
<tr>
<td title='tests.SmokeTest.testLogin()'><b>testLogin</b><br>Test class: tests.SmokeTest<br>Test method: As a User I can login only with valid credentials<br>Parameters: wrong_login_name, xterra, Неверно указан логин или пароль. Подробнее </td>
<td><div><pre>java.lang.AssertionError: The following asserts failed:
Something wrong with Error messsage! expected [Неверно указан логин или пароль. Подробнее ] but found [Неверно указан логин или пароль. Подробнее]
	at tests.SmokeTest.testLogin(SmokeTest.java:154)
... Removed 25 stack frames</pre></div><a href='#' onClick='toggleBox("stack-trace10815003", this, "Click to show all stack frames", "Click to hide stack frames")'>Click to show all stack frames</a>
<div class='stack-trace' id='stack-trace10815003'><pre>java.lang.AssertionError: The following asserts failed:
Something wrong with Error messsage! expected [Неверно указан логин или пароль. Подробнее ] but found [Неверно указан логин или пароль. Подробнее]
	at org.testng.asserts.SoftAssert.assertAll(SoftAssert.java:38)
	at tests.SmokeTest.testLogin(SmokeTest.java:154)
	at sun.reflect.NativeMethodAccessorImpl.invoke0(Native Method)
	at sun.reflect.NativeMethodAccessorImpl.invoke(Unknown Source)
	at sun.reflect.DelegatingMethodAccessorImpl.invoke(Unknown Source)
	at java.lang.reflect.Method.invoke(Unknown Source)
	at org.testng.internal.MethodInvocationHelper.invokeMethod(MethodInvocationHelper.java:85)
	at org.testng.internal.Invoker.invokeMethod(Invoker.java:659)
	at org.testng.internal.Invoker.invokeTestMethod(Invoker.java:845)
	at org.testng.internal.Invoker.invokeTestMethods(Invoker.java:1153)
	at org.testng.internal.TestMethodWorker.invokeTestMethods(TestMethodWorker.java:125)
	at org.testng.internal.TestMethodWorker.run(TestMethodWorker.java:108)
	at org.testng.TestRunner.privateRun(TestRunner.java:771)
	at org.testng.TestRunner.run(TestRunner.java:621)
	at org.testng.SuiteRunner.runTest(SuiteRunner.java:357)
	at org.testng.SuiteRunner.runSequentially(SuiteRunner.java:352)
	at org.testng.SuiteRunner.privateRun(SuiteRunner.java:310)
	at org.testng.SuiteRunner.run(SuiteRunner.java:259)
	at org.testng.SuiteRunnerWorker.runSuite(SuiteRunnerWorker.java:52)
	at org.testng.SuiteRunnerWorker.run(SuiteRunnerWorker.java:86)
	at org.testng.TestNG.runSuitesSequentially(TestNG.java:1199)
	at org.testng.TestNG.runSuitesLocally(TestNG.java:1124)
	at org.testng.TestNG.run(TestNG.java:1032)
	at org.testng.remote.RemoteTestNG.run(RemoteTestNG.java:111)
	at org.testng.remote.RemoteTestNG.initAndRun(RemoteTestNG.java:204)
	at org.testng.remote.RemoteTestNG.main(RemoteTestNG.java:175)
</pre></div></td>
<td>1</td>
<td>tests.SmokeTest@154b574</td></tr>
<tr>
<td title='tests.SmokeTest.testMoveToTrashFromInboxList()'><b>testMoveToTrashFromInboxList</b><br>Test class: tests.SmokeTest<br>Test method: As a User I can move a message to Trash strait from Inbox-list </td>
<td><div><pre>java.lang.AssertionError: The following asserts failed:
testMoveToTrashFromInboxList failed expected [false] but found [true]
	at tests.SmokeTest.testMoveToTrashFromInboxList(SmokeTest.java:242)
... Removed 25 stack frames</pre></div><a href='#' onClick='toggleBox("stack-trace15886336", this, "Click to show all stack frames", "Click to hide stack frames")'>Click to show all stack frames</a>
<div class='stack-trace' id='stack-trace15886336'><pre>java.lang.AssertionError: The following asserts failed:
testMoveToTrashFromInboxList failed expected [false] but found [true]
	at org.testng.asserts.SoftAssert.assertAll(SoftAssert.java:38)
	at tests.SmokeTest.testMoveToTrashFromInboxList(SmokeTest.java:242)
	at sun.reflect.NativeMethodAccessorImpl.invoke0(Native Method)
	at sun.reflect.NativeMethodAccessorImpl.invoke(Unknown Source)
	at sun.reflect.DelegatingMethodAccessorImpl.invoke(Unknown Source)
	at java.lang.reflect.Method.invoke(Unknown Source)
	at org.testng.internal.MethodInvocationHelper.invokeMethod(MethodInvocationHelper.java:85)
	at org.testng.internal.Invoker.invokeMethod(Invoker.java:659)
	at org.testng.internal.Invoker.invokeTestMethod(Invoker.java:845)
	at org.testng.internal.Invoker.invokeTestMethods(Invoker.java:1153)
	at org.testng.internal.TestMethodWorker.invokeTestMethods(TestMethodWorker.java:125)
	at org.testng.internal.TestMethodWorker.run(TestMethodWorker.java:108)
	at org.testng.TestRunner.privateRun(TestRunner.java:771)
	at org.testng.TestRunner.run(TestRunner.java:621)
	at org.testng.SuiteRunner.runTest(SuiteRunner.java:357)
	at org.testng.SuiteRunner.runSequentially(SuiteRunner.java:352)
	at org.testng.SuiteRunner.privateRun(SuiteRunner.java:310)
	at org.testng.SuiteRunner.run(SuiteRunner.java:259)
	at org.testng.SuiteRunnerWorker.runSuite(SuiteRunnerWorker.java:52)
	at org.testng.SuiteRunnerWorker.run(SuiteRunnerWorker.java:86)
	at org.testng.TestNG.runSuitesSequentially(TestNG.java:1199)
	at org.testng.TestNG.runSuitesLocally(TestNG.java:1124)
	at org.testng.TestNG.run(TestNG.java:1032)
	at org.testng.remote.RemoteTestNG.run(RemoteTestNG.java:111)
	at org.testng.remote.RemoteTestNG.initAndRun(RemoteTestNG.java:204)
	at org.testng.remote.RemoteTestNG.main(RemoteTestNG.java:175)
</pre></div></td>
<td>3</td>
<td>tests.SmokeTest@154b574</td></tr>
</table><p>
<table width='100%' border='1' class='invocation-passed'>
<tr><td colspan='4' align='center'><b>PASSED TESTS</b></td></tr>
<tr><td><b>Test method</b></td>
<td width="30%"><b>Exception</b></td>
<td width="10%"><b>Time (seconds)</b></td>
<td><b>Instance</b></td>
</tr>
<tr>
<td title='tests.SmokeTest.testCreateMessage()'><b>testCreateMessage</b><br>Test class: tests.SmokeTest<br>Test method: As a User I can create a message(it's stored in Drafts automatically)</td>
<td></td>
<td>5</td>
<td>tests.SmokeTest@154b574</td></tr>
<tr>
<td title='tests.SmokeTest.testForwardInboxMessage()'><b>testForwardInboxMessage</b><br>Test class: tests.SmokeTest<br>Test method: As a User I can forward inbox message</td>
<td></td>
<td>6</td>
<td>tests.SmokeTest@154b574</td></tr>
<tr>
<td title='tests.SmokeTest.testLogin()'><b>testLogin</b><br>Test class: tests.SmokeTest<br>Test method: As a User I can login only with valid credentials<br>Parameters: email4test, wrong_pass, Неверно указан логин или пароль. Подробнее</td>
<td></td>
<td>1</td>
<td>tests.SmokeTest@154b574</td></tr>
<tr>
<td title='tests.SmokeTest.testOpenInboxMessage()'><b>testOpenInboxMessage</b><br>Test class: tests.SmokeTest<br>Test method: As a User I can open inbox message from list</td>
<td></td>
<td>5</td>
<td>tests.SmokeTest@154b574</td></tr>
<tr>
<td title='tests.SmokeTest.testReadAndMoveToTrash()'><b>testReadAndMoveToTrash</b><br>Test class: tests.SmokeTest<br>Test method: As a User I can delete inbox message to Trash while it's opened)</td>
<td></td>
<td>4</td>
<td>tests.SmokeTest@154b574</td></tr>
<tr>
<td title='tests.SmokeTest.testRecoverFromTrashToInbox()'><b>testRecoverFromTrashToInbox</b><br>Test class: tests.SmokeTest<br>Test method: As a User I can recover message from Trash-list back to Inbox</td>
<td></td>
<td>5</td>
<td>tests.SmokeTest@154b574</td></tr>
<tr>
<td title='tests.SmokeTest.testRegPageEmptyFieldsErrorHandling()'><b>testRegPageEmptyFieldsErrorHandling</b><br>Test class: tests.SmokeTest<br>Test method: checking error messages on Registration page</td>
<td></td>
<td>2</td>
<td>tests.SmokeTest@154b574</td></tr>
<tr>
<td title='tests.SmokeTest.testReplyToMessage()'><b>testReplyToMessage</b><br>Test class: tests.SmokeTest<br>Test method: As a User I can reply to inbox message</td>
<td></td>
<td>9</td>
<td>tests.SmokeTest@154b574</td></tr>
<tr>
<td title='tests.SmokeTest.testSendMessage()'><b>testSendMessage</b><br>Test class: tests.SmokeTest<br>Test method: As a User I can send a message (it's stored in Sent automatically)</td>
<td></td>
<td>13</td>
<td>tests.SmokeTest@154b574</td></tr>
</table><p>
</body>
</html>