<?xml version="1.0" encoding="UTF-8"?>
<!-- Generated by org.testng.reporters.JUnitXMLReporter -->
<testsuite hostname="mib-84a305b9628" name="smoketest-0.1" tests="12" failures="3" timestamp="10 Sep 2015 11:22:13 GMT" time="67.14" errors="0">
  <testcase name="testRegPageEmptyFieldsErrorHandling" time="2.938" classname="tests.SmokeTest"/>
  <testcase name="testLogin" time="4.078" classname="tests.SmokeTest">
    <failure type="java.lang.AssertionError" message="The following asserts failed:
Inbox folder link is missing! expected [false] but found [true]">
      <![CDATA[java.lang.AssertionError: The following asserts failed:
Inbox folder link is missing! expected [false] but found [true]
	at tests.SmokeTest.testLogin(SmokeTest.java:154)
... Removed 25 stack frames]]>
    </failure>
  </testcase> <!-- testLogin -->
  <testcase name="testLogin" time="1.297" classname="tests.SmokeTest"/>
  <testcase name="testLogin" time="1.078" classname="tests.SmokeTest">
    <failure type="java.lang.AssertionError" message="The following asserts failed:
Something wrong with Error messsage! expected [Неверно указан логин или пароль. Подробнее ] but found [Неверно указан логин или пароль. Подробнее]">
      <![CDATA[java.lang.AssertionError: The following asserts failed:
Something wrong with Error messsage! expected [Неверно указан логин или пароль. Подробнее ] but found [Неверно указан логин или пароль. Подробнее]
	at tests.SmokeTest.testLogin(SmokeTest.java:154)
... Removed 25 stack frames]]>
    </failure>
  </testcase> <!-- testLogin -->
  <testcase name="testCreateMessage" time="5.656" classname="tests.SmokeTest"/>
  <testcase name="testSendMessage" time="13.031" classname="tests.SmokeTest"/>
  <testcase name="testOpenInboxMessage" time="5.813" classname="tests.SmokeTest"/>
  <testcase name="testReplyToMessage" time="9.203" classname="tests.SmokeTest"/>
  <testcase name="testForwardInboxMessage" time="6.515" classname="tests.SmokeTest"/>
  <testcase name="testMoveToTrashFromInboxList" time="3.532" classname="tests.SmokeTest">
    <failure type="java.lang.AssertionError" message="The following asserts failed:
testMoveToTrashFromInboxList failed expected [false] but found [true]">
      <![CDATA[java.lang.AssertionError: The following asserts failed:
testMoveToTrashFromInboxList failed expected [false] but found [true]
	at tests.SmokeTest.testMoveToTrashFromInboxList(SmokeTest.java:242)
... Removed 25 stack frames]]>
    </failure>
  </testcase> <!-- testMoveToTrashFromInboxList -->
  <testcase name="testReadAndMoveToTrash" time="4.031" classname="tests.SmokeTest"/>
  <testcase name="testRecoverFromTrashToInbox" time="5.344" classname="tests.SmokeTest"/>
</testsuite> <!-- smoketest-0.1 -->
